


ARM Macro Assembler    Page 1 


    1 00000000         ;*******************************************************
                       ************************
    2 00000000         ;* File Name          : startup_stm32f429xx.s
    3 00000000         ;* Author             : MCD Application Team
    4 00000000         ;* Description        : STM32F429x devices vector table 
                       for MDK-ARM toolchain. 
    5 00000000         ;*                      This module performs:
    6 00000000         ;*                      - Set the initial SP
    7 00000000         ;*                      - Set the initial PC == Reset_Ha
                       ndler
    8 00000000         ;*                      - Set the vector table entries w
                       ith the exceptions ISR address
    9 00000000         ;*                      - Branches to __main in the C li
                       brary (which eventually
   10 00000000         ;*                        calls main()).
   11 00000000         ;*                      After Reset the CortexM4 process
                       or is in Thread mode,
   12 00000000         ;*                      priority is Privileged, and the 
                       Stack is set to Main.
   13 00000000         ;*******************************************************
                       ************************
   14 00000000         ;* @attention
   15 00000000         ;*
   16 00000000         ;* Copyright (c) 2017 STMicroelectronics.
   17 00000000         ;* All rights reserved.
   18 00000000         ;*
   19 00000000         ;* This software is licensed under terms that can be fou
                       nd in the LICENSE file
   20 00000000         ;* in the root directory of this software component.
   21 00000000         ;* If no LICENSE file comes with this software, it is pr
                       ovided AS-IS.
   22 00000000         ;*
   23 00000000         ;*******************************************************
                       ************************
   24 00000000         ;* <<< Use Configuration Wizard in Context Menu >>>
   25 00000000         ;
   26 00000000         ; Amount of memory (in bytes) allocated for Stack
   27 00000000         ; Tailor this value to your application needs
   28 00000000         ; <h> Stack Configuration
   29 00000000         ;   <o> Stack Size (in Bytes) <0x0-0xFFFFFFFF:8>
   30 00000000         ; </h>
   31 00000000         
   32 00000000 00000800 
                       Stack_Size
                               EQU              0x00000800
   33 00000000         
   34 00000000                 AREA             STACK, NOINIT, READWRITE, ALIGN
=3
   35 00000000         Stack_Mem
                               SPACE            Stack_Size
   36 00000800         __initial_sp
   37 00000800         
   38 00000800         
   39 00000800         ; <h> Heap Configuration
   40 00000800         ;   <o>  Heap Size (in Bytes) <0x0-0xFFFFFFFF:8>
   41 00000800         ; </h>
   42 00000800         
   43 00000800         ;Œ¥”√µΩ±‡“Î∆˜◊‘¥¯µƒƒ⁄¥Êπ‹¿Ì(malloc,freeµ»)£¨…Ë÷√Heap_Szi
                       eŒ™0



ARM Macro Assembler    Page 2 


   44 00000800 00000000 
                       Heap_Size
                               EQU              0x00000000
   45 00000800         
   46 00000800                 AREA             HEAP, NOINIT, READWRITE, ALIGN=
3
   47 00000000         __heap_base
   48 00000000         Heap_Mem
                               SPACE            Heap_Size
   49 00000000         __heap_limit
   50 00000000         
   51 00000000                 PRESERVE8
   52 00000000                 THUMB
   53 00000000         
   54 00000000         
   55 00000000         ; Vector Table Mapped to Address 0 at Reset
   56 00000000                 AREA             RESET, DATA, READONLY
   57 00000000                 EXPORT           __Vectors
   58 00000000                 EXPORT           __Vectors_End
   59 00000000                 EXPORT           __Vectors_Size
   60 00000000         
   61 00000000 00000000 
                       __Vectors
                               DCD              __initial_sp ; Top of Stack
   62 00000004 00000000        DCD              Reset_Handler ; Reset Handler
   63 00000008 00000000        DCD              NMI_Handler ; NMI Handler
   64 0000000C 00000000        DCD              HardFault_Handler ; Hard Fault 
                                                            Handler
   65 00000010 00000000        DCD              MemManage_Handler 
                                                            ; MPU Fault Handler
                                                            
   66 00000014 00000000        DCD              BusFault_Handler 
                                                            ; Bus Fault Handler
                                                            
   67 00000018 00000000        DCD              UsageFault_Handler ; Usage Faul
                                                            t Handler
   68 0000001C 00000000        DCD              0           ; Reserved
   69 00000020 00000000        DCD              0           ; Reserved
   70 00000024 00000000        DCD              0           ; Reserved
   71 00000028 00000000        DCD              0           ; Reserved
   72 0000002C 00000000        DCD              SVC_Handler ; SVCall Handler
   73 00000030 00000000        DCD              DebugMon_Handler ; Debug Monito
                                                            r Handler
   74 00000034 00000000        DCD              0           ; Reserved
   75 00000038 00000000        DCD              PendSV_Handler ; PendSV Handler
                                                            
   76 0000003C 00000000        DCD              SysTick_Handler 
                                                            ; SysTick Handler
   77 00000040         
   78 00000040         ; External Interrupts
   79 00000040 00000000        DCD              WWDG_IRQHandler ; Window WatchD
                                                            og                 
                                                                               
                                                                
   80 00000044 00000000        DCD              PVD_IRQHandler ; PVD through EX
                                                            TI Line detection  
                                                                               
                                                               
   81 00000048 00000000        DCD              TAMP_STAMP_IRQHandler ; Tamper 



ARM Macro Assembler    Page 3 


                                                            and TimeStamps thro
                                                            ugh the EXTI line  
                                                                      
   82 0000004C 00000000        DCD              RTC_WKUP_IRQHandler ; RTC Wakeu
                                                            p through the EXTI 
                                                            line               
                                                                    
   83 00000050 00000000        DCD              FLASH_IRQHandler ; FLASH       
                                                                               
                                                                             
   84 00000054 00000000        DCD              RCC_IRQHandler ; RCC           
                                                                               
                                                                           
   85 00000058 00000000        DCD              EXTI0_IRQHandler ; EXTI Line0  
                                                                               
                                                                               
                                                                 
   86 0000005C 00000000        DCD              EXTI1_IRQHandler ; EXTI Line1  
                                                                               
                                                                               
                                                                 
   87 00000060 00000000        DCD              EXTI2_IRQHandler ; EXTI Line2  
                                                                               
                                                                               
                                                                 
   88 00000064 00000000        DCD              EXTI3_IRQHandler ; EXTI Line3  
                                                                               
                                                                               
                                                                 
   89 00000068 00000000        DCD              EXTI4_IRQHandler ; EXTI Line4  
                                                                               
                                                                               
                                                                 
   90 0000006C 00000000        DCD              DMA1_Stream0_IRQHandler ; DMA1 
                                                            Stream 0           
                                                                               
                                                                 
   91 00000070 00000000        DCD              DMA1_Stream1_IRQHandler ; DMA1 
                                                            Stream 1           
                                                                               
                                                                 
   92 00000074 00000000        DCD              DMA1_Stream2_IRQHandler ; DMA1 
                                                            Stream 2           
                                                                               
                                                                 
   93 00000078 00000000        DCD              DMA1_Stream3_IRQHandler ; DMA1 
                                                            Stream 3           
                                                                               
                                                                 
   94 0000007C 00000000        DCD              DMA1_Stream4_IRQHandler ; DMA1 
                                                            Stream 4           
                                                                               
                                                                 
   95 00000080 00000000        DCD              DMA1_Stream5_IRQHandler ; DMA1 
                                                            Stream 5           
                                                                               
                                                                 
   96 00000084 00000000        DCD              DMA1_Stream6_IRQHandler ; DMA1 
                                                            Stream 6           



ARM Macro Assembler    Page 4 


                                                                               
                                                                 
   97 00000088 00000000        DCD              ADC_IRQHandler ; ADC1, ADC2 and
                                                             ADC3s             
                                                                           
   98 0000008C 00000000        DCD              CAN1_TX_IRQHandler ; CAN1 TX   
                                                                               
                                                                               
                                                                   
   99 00000090 00000000        DCD              CAN1_RX0_IRQHandler ; CAN1 RX0 
                                                                               
                                                                               
                                                                    
  100 00000094 00000000        DCD              CAN1_RX1_IRQHandler ; CAN1 RX1 
                                                                               
                                                                               
                                                                    
  101 00000098 00000000        DCD              CAN1_SCE_IRQHandler ; CAN1 SCE 
                                                                               
                                                                               
                                                                    
  102 0000009C 00000000        DCD              EXTI9_5_IRQHandler ; External L
                                                            ine[9:5]s          
                                                                               
                                                                   
  103 000000A0 00000000        DCD              TIM1_BRK_TIM9_IRQHandler ; TIM1
                                                             Break and TIM9    
                                                                           
  104 000000A4 00000000        DCD              TIM1_UP_TIM10_IRQHandler ; TIM1
                                                             Update and TIM10  
                                                                           
  105 000000A8 00000000        DCD              TIM1_TRG_COM_TIM11_IRQHandler ;
                                                             TIM1 Trigger and C
                                                            ommutation and TIM1
                                                            1
  106 000000AC 00000000        DCD              TIM1_CC_IRQHandler ; TIM1 Captu
                                                            re Compare         
                                                                               
                                                                   
  107 000000B0 00000000        DCD              TIM2_IRQHandler ; TIM2         
                                                                               
                                                                            
  108 000000B4 00000000        DCD              TIM3_IRQHandler ; TIM3         
                                                                               
                                                                            
  109 000000B8 00000000        DCD              TIM4_IRQHandler ; TIM4         
                                                                               
                                                                            
  110 000000BC 00000000        DCD              I2C1_EV_IRQHandler ; I2C1 Event
                                                                               
                                                                               
                                                                   
  111 000000C0 00000000        DCD              I2C1_ER_IRQHandler ; I2C1 Error
                                                                               
                                                                               
                                                                   
  112 000000C4 00000000        DCD              I2C2_EV_IRQHandler ; I2C2 Event
                                                                               
                                                                               



ARM Macro Assembler    Page 5 


                                                                   
  113 000000C8 00000000        DCD              I2C2_ER_IRQHandler ; I2C2 Error
                                                                               
                                                                               
                                                                     
  114 000000CC 00000000        DCD              SPI1_IRQHandler ; SPI1         
                                                                               
                                                                            
  115 000000D0 00000000        DCD              SPI2_IRQHandler ; SPI2         
                                                                               
                                                                            
  116 000000D4 00000000        DCD              USART1_IRQHandler ; USART1     
                                                                               
                                                                              
  117 000000D8 00000000        DCD              USART2_IRQHandler ; USART2     
                                                                               
                                                                              
  118 000000DC 00000000        DCD              USART3_IRQHandler ; USART3     
                                                                               
                                                                              
  119 000000E0 00000000        DCD              EXTI15_10_IRQHandler ; External
                                                             Line[15:10]s      
                                                                               
                                                                     
  120 000000E4 00000000        DCD              RTC_Alarm_IRQHandler ; RTC Alar
                                                            m (A and B) through
                                                             EXTI Line         
                                                                     
  121 000000E8 00000000        DCD              OTG_FS_WKUP_IRQHandler ; USB OT
                                                            G FS Wakeup through
                                                             EXTI line         
                                                                           
  122 000000EC 00000000        DCD              TIM8_BRK_TIM12_IRQHandler ; TIM
                                                            8 Break and TIM12  
                                                                            
  123 000000F0 00000000        DCD              TIM8_UP_TIM13_IRQHandler ; TIM8
                                                             Update and TIM13  
                                                                           
  124 000000F4 00000000        DCD              TIM8_TRG_COM_TIM14_IRQHandler ;
                                                             TIM8 Trigger and C
                                                            ommutation and TIM1
                                                            4
  125 000000F8 00000000        DCD              TIM8_CC_IRQHandler ; TIM8 Captu
                                                            re Compare         
                                                                               
                                                                   
  126 000000FC 00000000        DCD              DMA1_Stream7_IRQHandler ; DMA1 
                                                            Stream7            
                                                                               
                                                                        
  127 00000100 00000000        DCD              FMC_IRQHandler ; FMC           
                                                                               
                                                                           
  128 00000104 00000000        DCD              SDIO_IRQHandler ; SDIO         
                                                                               
                                                                            
  129 00000108 00000000        DCD              TIM5_IRQHandler ; TIM5         
                                                                               
                                                                            



ARM Macro Assembler    Page 6 


  130 0000010C 00000000        DCD              SPI3_IRQHandler ; SPI3         
                                                                               
                                                                            
  131 00000110 00000000        DCD              UART4_IRQHandler ; UART4       
                                                                               
                                                                             
  132 00000114 00000000        DCD              UART5_IRQHandler ; UART5       
                                                                               
                                                                             
  133 00000118 00000000        DCD              TIM6_DAC_IRQHandler ; TIM6 and 
                                                            DAC1&2 underrun err
                                                            ors                
                                                               
  134 0000011C 00000000        DCD              TIM7_IRQHandler ; TIM7         
                                                                      
  135 00000120 00000000        DCD              DMA2_Stream0_IRQHandler ; DMA2 
                                                            Stream 0           
                                                                               
                                                                 
  136 00000124 00000000        DCD              DMA2_Stream1_IRQHandler ; DMA2 
                                                            Stream 1           
                                                                               
                                                                 
  137 00000128 00000000        DCD              DMA2_Stream2_IRQHandler ; DMA2 
                                                            Stream 2           
                                                                               
                                                                 
  138 0000012C 00000000        DCD              DMA2_Stream3_IRQHandler ; DMA2 
                                                            Stream 3           
                                                                               
                                                                 
  139 00000130 00000000        DCD              DMA2_Stream4_IRQHandler ; DMA2 
                                                            Stream 4           
                                                                               
                                                                 
  140 00000134 00000000        DCD              ETH_IRQHandler ; Ethernet      
                                                                               
                                                                           
  141 00000138 00000000        DCD              ETH_WKUP_IRQHandler ; Ethernet 
                                                            Wakeup through EXTI
                                                             line              
                                                                    
  142 0000013C 00000000        DCD              CAN2_TX_IRQHandler ; CAN2 TX   
                                                                               
                                                                               
                                                                   
  143 00000140 00000000        DCD              CAN2_RX0_IRQHandler ; CAN2 RX0 
                                                                               
                                                                               
                                                                    
  144 00000144 00000000        DCD              CAN2_RX1_IRQHandler ; CAN2 RX1 
                                                                               
                                                                               
                                                                    
  145 00000148 00000000        DCD              CAN2_SCE_IRQHandler ; CAN2 SCE 
                                                                               
                                                                               
                                                                    
  146 0000014C 00000000        DCD              OTG_FS_IRQHandler ; USB OTG FS 



ARM Macro Assembler    Page 7 


                                                                               
                                                                              
  147 00000150 00000000        DCD              DMA2_Stream5_IRQHandler ; DMA2 
                                                            Stream 5           
                                                                               
                                                                 
  148 00000154 00000000        DCD              DMA2_Stream6_IRQHandler ; DMA2 
                                                            Stream 6           
                                                                               
                                                                 
  149 00000158 00000000        DCD              DMA2_Stream7_IRQHandler ; DMA2 
                                                            Stream 7           
                                                                               
                                                                 
  150 0000015C 00000000        DCD              USART6_IRQHandler ; USART6     
                                                                               
                                                                               
                                                            
  151 00000160 00000000        DCD              I2C3_EV_IRQHandler ; I2C3 event
                                                                               
                                                                               
                                                                   
  152 00000164 00000000        DCD              I2C3_ER_IRQHandler ; I2C3 error
                                                                               
                                                                               
                                                                   
  153 00000168 00000000        DCD              OTG_HS_EP1_OUT_IRQHandler ; USB
                                                             OTG HS End Point 1
                                                             Out               
                                                                   
  154 0000016C 00000000        DCD              OTG_HS_EP1_IN_IRQHandler ; USB 
                                                            OTG HS End Point 1 
                                                            In                 
                                                                  
  155 00000170 00000000        DCD              OTG_HS_WKUP_IRQHandler ; USB OT
                                                            G HS Wakeup through
                                                             EXTI              
                                                                       
  156 00000174 00000000        DCD              OTG_HS_IRQHandler ; USB OTG HS 
                                                                               
                                                                              
  157 00000178 00000000        DCD              DCMI_IRQHandler ; DCMI  
  158 0000017C 00000000        DCD              0           ; Reserved         
                                                                               
                                                              
  159 00000180 00000000        DCD              HASH_RNG_IRQHandler 
                                                            ; Hash and Rng
  160 00000184 00000000        DCD              FPU_IRQHandler ; FPU
  161 00000188 00000000        DCD              UART7_IRQHandler ; UART7
  162 0000018C 00000000        DCD              UART8_IRQHandler ; UART8
  163 00000190 00000000        DCD              SPI4_IRQHandler ; SPI4
  164 00000194 00000000        DCD              SPI5_IRQHandler ; SPI5
  165 00000198 00000000        DCD              SPI6_IRQHandler ; SPI6
  166 0000019C 00000000        DCD              SAI1_IRQHandler ; SAI1
  167 000001A0 00000000        DCD              LTDC_IRQHandler ; LTDC
  168 000001A4 00000000        DCD              LTDC_ER_IRQHandler ; LTDC error
                                                            
  169 000001A8 00000000        DCD              DMA2D_IRQHandler ; DMA2D
  170 000001AC         



ARM Macro Assembler    Page 8 


  171 000001AC         __Vectors_End
  172 000001AC         
  173 000001AC 000001AC 
                       __Vectors_Size
                               EQU              __Vectors_End - __Vectors
  174 000001AC         
  175 000001AC                 AREA             |.text|, CODE, READONLY
  176 00000000         
  177 00000000         ; Reset handler
  178 00000000         Reset_Handler
                               PROC
  179 00000000                 EXPORT           Reset_Handler             [WEAK
]
  180 00000000         ;IMPORT  SystemInit
  181 00000000         ;ºƒ¥Ê∆˜¥˙¬Î,≤ª–Ë“™‘⁄’‚¿Ôµ˜”√SystemInit∫Ø ˝,π ∆¡±ŒµÙ,ø‚∫Ø
                        ˝∞Ê±æ¥˙¬Î,ø…“‘¡Ùœ¬
  182 00000000         ;≤ªπ˝–Ë“™‘⁄Õ‚≤ø µœ÷SystemInit∫Ø ˝,∑Ò‘Úª·±®¥Ì.
  183 00000000                 IMPORT           __main
  184 00000000         
  185 00000000                 IF               {FPU} != "SoftVFP" ;Õ®π˝Target—
                                                            °œÓø®µƒFloating Poi
                                                            nt Hardware—°œÓ¿¥øÿ
                                                            ÷∆.
  186 00000000         ;»Áπ˚—°‘Ò:Not Used,‘Ú≤ª±‡“Î“‘œ¬¥˙¬Î(µΩENDIFΩ· ¯)
  187 00000000         ;»Áπ˚—°‘Ò:Use Single/Double Precision,‘Ú±‡“Î“‘œ¬¥˙¬Î
  188 00000000 F8DF 002C       LDR.W            R0, =0xE000ED88 ;  πƒ‹∏°µ„‘ÀÀ„ 
                                                            CP10,CP11
  189 00000004 6801            LDR              R1,[R0]
  190 00000006 F441 0170       ORR              R1,R1,#(0xF << 20)
  191 0000000A 6001            STR              R1,[R0]
  192 0000000C         
  193 0000000C                 ENDIF
  194 0000000C         
  195 0000000C         ;LDR     R0, =SystemInit        ;ºƒ¥Ê∆˜¥˙¬Î,Œ¥”√µΩ,∆¡±Œ
  196 0000000C         ;BLX     R0                     ;ºƒ¥Ê∆˜¥˙¬Î,Œ¥”√µΩ,∆¡±Œ
  197 0000000C         
  198 0000000C 4809            LDR              R0, =__main
  199 0000000E 4700            BX               R0
  200 00000010                 ENDP
  201 00000010         
  202 00000010         ; Dummy Exception Handlers (infinite loops which can be 
                       modified)
  203 00000010         
  204 00000010         NMI_Handler
                               PROC
  205 00000010                 EXPORT           NMI_Handler                [WEA
K]
  206 00000010 E7FE            B                .
  207 00000012                 ENDP
  209 00000012         HardFault_Handler
                               PROC
  210 00000012                 EXPORT           HardFault_Handler          [WEA
K]
  211 00000012 E7FE            B                .
  212 00000014                 ENDP
  214 00000014         MemManage_Handler
                               PROC
  215 00000014                 EXPORT           MemManage_Handler          [WEA
K]



ARM Macro Assembler    Page 9 


  216 00000014 E7FE            B                .
  217 00000016                 ENDP
  219 00000016         BusFault_Handler
                               PROC
  220 00000016                 EXPORT           BusFault_Handler           [WEA
K]
  221 00000016 E7FE            B                .
  222 00000018                 ENDP
  224 00000018         UsageFault_Handler
                               PROC
  225 00000018                 EXPORT           UsageFault_Handler         [WEA
K]
  226 00000018 E7FE            B                .
  227 0000001A                 ENDP
  228 0000001A         SVC_Handler
                               PROC
  229 0000001A                 EXPORT           SVC_Handler                [WEA
K]
  230 0000001A E7FE            B                .
  231 0000001C                 ENDP
  233 0000001C         DebugMon_Handler
                               PROC
  234 0000001C                 EXPORT           DebugMon_Handler           [WEA
K]
  235 0000001C E7FE            B                .
  236 0000001E                 ENDP
  237 0000001E         PendSV_Handler
                               PROC
  238 0000001E                 EXPORT           PendSV_Handler [WEAK]
  239 0000001E E7FE            B                .
  240 00000020                 ENDP
  241 00000020         SysTick_Handler
                               PROC
  242 00000020                 EXPORT           SysTick_Handler            [WEA
K]
  243 00000020 E7FE            B                .
  244 00000022                 ENDP
  245 00000022         
  246 00000022         Default_Handler
                               PROC
  247 00000022         
  248 00000022                 EXPORT           WWDG_IRQHandler                
   [WEAK]
  249 00000022                 EXPORT           PVD_IRQHandler                 
   [WEAK]
  250 00000022                 EXPORT           TAMP_STAMP_IRQHandler          
   [WEAK]
  251 00000022                 EXPORT           RTC_WKUP_IRQHandler            
   [WEAK]
  252 00000022                 EXPORT           FLASH_IRQHandler               
   [WEAK]
  253 00000022                 EXPORT           RCC_IRQHandler                 
   [WEAK]
  254 00000022                 EXPORT           EXTI0_IRQHandler               
   [WEAK]
  255 00000022                 EXPORT           EXTI1_IRQHandler               
   [WEAK]
  256 00000022                 EXPORT           EXTI2_IRQHandler               
   [WEAK]



ARM Macro Assembler    Page 10 


  257 00000022                 EXPORT           EXTI3_IRQHandler               
   [WEAK]
  258 00000022                 EXPORT           EXTI4_IRQHandler               
   [WEAK]
  259 00000022                 EXPORT           DMA1_Stream0_IRQHandler        
   [WEAK]
  260 00000022                 EXPORT           DMA1_Stream1_IRQHandler        
   [WEAK]
  261 00000022                 EXPORT           DMA1_Stream2_IRQHandler        
   [WEAK]
  262 00000022                 EXPORT           DMA1_Stream3_IRQHandler        
   [WEAK]
  263 00000022                 EXPORT           DMA1_Stream4_IRQHandler        
   [WEAK]
  264 00000022                 EXPORT           DMA1_Stream5_IRQHandler        
   [WEAK]
  265 00000022                 EXPORT           DMA1_Stream6_IRQHandler        
   [WEAK]
  266 00000022                 EXPORT           ADC_IRQHandler                 
   [WEAK]
  267 00000022                 EXPORT           CAN1_TX_IRQHandler             
   [WEAK]
  268 00000022                 EXPORT           CAN1_RX0_IRQHandler            
   [WEAK]
  269 00000022                 EXPORT           CAN1_RX1_IRQHandler            
   [WEAK]
  270 00000022                 EXPORT           CAN1_SCE_IRQHandler            
   [WEAK]
  271 00000022                 EXPORT           EXTI9_5_IRQHandler             
   [WEAK]
  272 00000022                 EXPORT           TIM1_BRK_TIM9_IRQHandler       
   [WEAK]
  273 00000022                 EXPORT           TIM1_UP_TIM10_IRQHandler       
   [WEAK]
  274 00000022                 EXPORT           TIM1_TRG_COM_TIM11_IRQHandler  
   [WEAK]
  275 00000022                 EXPORT           TIM1_CC_IRQHandler             
   [WEAK]
  276 00000022                 EXPORT           TIM2_IRQHandler                
   [WEAK]
  277 00000022                 EXPORT           TIM3_IRQHandler                
   [WEAK]
  278 00000022                 EXPORT           TIM4_IRQHandler                
   [WEAK]
  279 00000022                 EXPORT           I2C1_EV_IRQHandler             
   [WEAK]
  280 00000022                 EXPORT           I2C1_ER_IRQHandler             
   [WEAK]
  281 00000022                 EXPORT           I2C2_EV_IRQHandler             
   [WEAK]
  282 00000022                 EXPORT           I2C2_ER_IRQHandler             
   [WEAK]
  283 00000022                 EXPORT           SPI1_IRQHandler                
   [WEAK]
  284 00000022                 EXPORT           SPI2_IRQHandler                
   [WEAK]
  285 00000022                 EXPORT           USART1_IRQHandler              
   [WEAK]
  286 00000022                 EXPORT           USART2_IRQHandler              



ARM Macro Assembler    Page 11 


   [WEAK]
  287 00000022                 EXPORT           USART3_IRQHandler              
   [WEAK]
  288 00000022                 EXPORT           EXTI15_10_IRQHandler           
   [WEAK]
  289 00000022                 EXPORT           RTC_Alarm_IRQHandler           
   [WEAK]
  290 00000022                 EXPORT           OTG_FS_WKUP_IRQHandler         
   [WEAK]
  291 00000022                 EXPORT           TIM8_BRK_TIM12_IRQHandler      
   [WEAK]
  292 00000022                 EXPORT           TIM8_UP_TIM13_IRQHandler       
   [WEAK]
  293 00000022                 EXPORT           TIM8_TRG_COM_TIM14_IRQHandler  
   [WEAK]
  294 00000022                 EXPORT           TIM8_CC_IRQHandler             
   [WEAK]
  295 00000022                 EXPORT           DMA1_Stream7_IRQHandler        
   [WEAK]
  296 00000022                 EXPORT           FMC_IRQHandler                 
   [WEAK]
  297 00000022                 EXPORT           SDIO_IRQHandler                
   [WEAK]
  298 00000022                 EXPORT           TIM5_IRQHandler                
   [WEAK]
  299 00000022                 EXPORT           SPI3_IRQHandler                
   [WEAK]
  300 00000022                 EXPORT           UART4_IRQHandler               
   [WEAK]
  301 00000022                 EXPORT           UART5_IRQHandler               
   [WEAK]
  302 00000022                 EXPORT           TIM6_DAC_IRQHandler            
   [WEAK]
  303 00000022                 EXPORT           TIM7_IRQHandler                
   [WEAK]
  304 00000022                 EXPORT           DMA2_Stream0_IRQHandler        
   [WEAK]
  305 00000022                 EXPORT           DMA2_Stream1_IRQHandler        
   [WEAK]
  306 00000022                 EXPORT           DMA2_Stream2_IRQHandler        
   [WEAK]
  307 00000022                 EXPORT           DMA2_Stream3_IRQHandler        
   [WEAK]
  308 00000022                 EXPORT           DMA2_Stream4_IRQHandler        
   [WEAK]
  309 00000022                 EXPORT           ETH_IRQHandler                 
   [WEAK]
  310 00000022                 EXPORT           ETH_WKUP_IRQHandler            
   [WEAK]
  311 00000022                 EXPORT           CAN2_TX_IRQHandler             
   [WEAK]
  312 00000022                 EXPORT           CAN2_RX0_IRQHandler            
   [WEAK]
  313 00000022                 EXPORT           CAN2_RX1_IRQHandler            
   [WEAK]
  314 00000022                 EXPORT           CAN2_SCE_IRQHandler            
   [WEAK]
  315 00000022                 EXPORT           OTG_FS_IRQHandler              
   [WEAK]



ARM Macro Assembler    Page 12 


  316 00000022                 EXPORT           DMA2_Stream5_IRQHandler        
   [WEAK]
  317 00000022                 EXPORT           DMA2_Stream6_IRQHandler        
   [WEAK]
  318 00000022                 EXPORT           DMA2_Stream7_IRQHandler        
   [WEAK]
  319 00000022                 EXPORT           USART6_IRQHandler              
   [WEAK]
  320 00000022                 EXPORT           I2C3_EV_IRQHandler             
   [WEAK]
  321 00000022                 EXPORT           I2C3_ER_IRQHandler             
   [WEAK]
  322 00000022                 EXPORT           OTG_HS_EP1_OUT_IRQHandler      
   [WEAK]
  323 00000022                 EXPORT           OTG_HS_EP1_IN_IRQHandler       
   [WEAK]
  324 00000022                 EXPORT           OTG_HS_WKUP_IRQHandler         
   [WEAK]
  325 00000022                 EXPORT           OTG_HS_IRQHandler              
   [WEAK]
  326 00000022                 EXPORT           DCMI_IRQHandler                
   [WEAK]
  327 00000022                 EXPORT           HASH_RNG_IRQHandler            
   [WEAK]
  328 00000022                 EXPORT           FPU_IRQHandler                 
   [WEAK]
  329 00000022                 EXPORT           UART7_IRQHandler               
   [WEAK]
  330 00000022                 EXPORT           UART8_IRQHandler               
   [WEAK]
  331 00000022                 EXPORT           SPI4_IRQHandler                
   [WEAK]
  332 00000022                 EXPORT           SPI5_IRQHandler                
   [WEAK]
  333 00000022                 EXPORT           SPI6_IRQHandler                
   [WEAK]
  334 00000022                 EXPORT           SAI1_IRQHandler                
   [WEAK]
  335 00000022                 EXPORT           LTDC_IRQHandler                
   [WEAK]
  336 00000022                 EXPORT           LTDC_ER_IRQHandler             
   [WEAK]
  337 00000022                 EXPORT           DMA2D_IRQHandler               
   [WEAK]
  338 00000022         
  339 00000022         WWDG_IRQHandler
  340 00000022         PVD_IRQHandler
  341 00000022         TAMP_STAMP_IRQHandler
  342 00000022         RTC_WKUP_IRQHandler
  343 00000022         FLASH_IRQHandler
  344 00000022         RCC_IRQHandler
  345 00000022         EXTI0_IRQHandler
  346 00000022         EXTI1_IRQHandler
  347 00000022         EXTI2_IRQHandler
  348 00000022         EXTI3_IRQHandler
  349 00000022         EXTI4_IRQHandler
  350 00000022         DMA1_Stream0_IRQHandler
  351 00000022         DMA1_Stream1_IRQHandler
  352 00000022         DMA1_Stream2_IRQHandler



ARM Macro Assembler    Page 13 


  353 00000022         DMA1_Stream3_IRQHandler
  354 00000022         DMA1_Stream4_IRQHandler
  355 00000022         DMA1_Stream5_IRQHandler
  356 00000022         DMA1_Stream6_IRQHandler
  357 00000022         ADC_IRQHandler
  358 00000022         CAN1_TX_IRQHandler
  359 00000022         CAN1_RX0_IRQHandler
  360 00000022         CAN1_RX1_IRQHandler
  361 00000022         CAN1_SCE_IRQHandler
  362 00000022         EXTI9_5_IRQHandler
  363 00000022         TIM1_BRK_TIM9_IRQHandler
  364 00000022         TIM1_UP_TIM10_IRQHandler
  365 00000022         TIM1_TRG_COM_TIM11_IRQHandler
  366 00000022         TIM1_CC_IRQHandler
  367 00000022         TIM2_IRQHandler
  368 00000022         TIM3_IRQHandler
  369 00000022         TIM4_IRQHandler
  370 00000022         I2C1_EV_IRQHandler
  371 00000022         I2C1_ER_IRQHandler
  372 00000022         I2C2_EV_IRQHandler
  373 00000022         I2C2_ER_IRQHandler
  374 00000022         SPI1_IRQHandler
  375 00000022         SPI2_IRQHandler
  376 00000022         USART1_IRQHandler
  377 00000022         USART2_IRQHandler
  378 00000022         USART3_IRQHandler
  379 00000022         EXTI15_10_IRQHandler
  380 00000022         RTC_Alarm_IRQHandler
  381 00000022         OTG_FS_WKUP_IRQHandler
  382 00000022         TIM8_BRK_TIM12_IRQHandler
  383 00000022         TIM8_UP_TIM13_IRQHandler
  384 00000022         TIM8_TRG_COM_TIM14_IRQHandler
  385 00000022         TIM8_CC_IRQHandler
  386 00000022         DMA1_Stream7_IRQHandler
  387 00000022         FMC_IRQHandler
  388 00000022         SDIO_IRQHandler
  389 00000022         TIM5_IRQHandler
  390 00000022         SPI3_IRQHandler
  391 00000022         UART4_IRQHandler
  392 00000022         UART5_IRQHandler
  393 00000022         TIM6_DAC_IRQHandler
  394 00000022         TIM7_IRQHandler
  395 00000022         DMA2_Stream0_IRQHandler
  396 00000022         DMA2_Stream1_IRQHandler
  397 00000022         DMA2_Stream2_IRQHandler
  398 00000022         DMA2_Stream3_IRQHandler
  399 00000022         DMA2_Stream4_IRQHandler
  400 00000022         ETH_IRQHandler
  401 00000022         ETH_WKUP_IRQHandler
  402 00000022         CAN2_TX_IRQHandler
  403 00000022         CAN2_RX0_IRQHandler
  404 00000022         CAN2_RX1_IRQHandler
  405 00000022         CAN2_SCE_IRQHandler
  406 00000022         OTG_FS_IRQHandler
  407 00000022         DMA2_Stream5_IRQHandler
  408 00000022         DMA2_Stream6_IRQHandler
  409 00000022         DMA2_Stream7_IRQHandler
  410 00000022         USART6_IRQHandler
  411 00000022         I2C3_EV_IRQHandler



ARM Macro Assembler    Page 14 


  412 00000022         I2C3_ER_IRQHandler
  413 00000022         OTG_HS_EP1_OUT_IRQHandler
  414 00000022         OTG_HS_EP1_IN_IRQHandler
  415 00000022         OTG_HS_WKUP_IRQHandler
  416 00000022         OTG_HS_IRQHandler
  417 00000022         DCMI_IRQHandler
  418 00000022         HASH_RNG_IRQHandler
  419 00000022         FPU_IRQHandler
  420 00000022         UART7_IRQHandler
  421 00000022         UART8_IRQHandler
  422 00000022         SPI4_IRQHandler
  423 00000022         SPI5_IRQHandler
  424 00000022         SPI6_IRQHandler
  425 00000022         SAI1_IRQHandler
  426 00000022         LTDC_IRQHandler
  427 00000022         LTDC_ER_IRQHandler
  428 00000022         DMA2D_IRQHandler
  429 00000022 E7FE            B                .
  430 00000024         
  431 00000024                 ENDP
  432 00000024         
  433 00000024                 ALIGN
  434 00000024         
  435 00000024         ;*******************************************************
                       ************************
  436 00000024         ; User Stack and Heap initialization
  437 00000024         ;*******************************************************
                       ************************
  438 00000024                 IF               :DEF:__MICROLIB
  445 00000024         
  446 00000024                 IMPORT           __use_two_region_memory
  447 00000024                 EXPORT           __user_initial_stackheap
  448 00000024         
  449 00000024         __user_initial_stackheap
  450 00000024         
  451 00000024 4804            LDR              R0, =  Heap_Mem
  452 00000026 4905            LDR              R1, =(Stack_Mem + Stack_Size)
  453 00000028 4A03            LDR              R2, = (Heap_Mem +  Heap_Size)
  454 0000002A 4B05            LDR              R3, = Stack_Mem
  455 0000002C 4770            BX               LR
  456 0000002E         
  457 0000002E 00 00           ALIGN
  458 00000030         
  459 00000030                 ENDIF
  460 00000030         
  461 00000030                 END
              E000ED88 
              00000000 
              00000000 
              00000800 
              00000000 
Command Line: --debug --xref --diag_suppress=9931 --cpu=Cortex-M4.fp.sp --apcs=
interwork --depend=..\..\output\startup_stm32f429xx.d -o..\..\output\startup_st
m32f429xx.o -IF:\Software\KEIL5\Packs\Keil\STM32F4xx_DFP\2.17.1\Drivers\CMSIS\D
evice\ST\STM32F4xx\Include --predefine="__UVISION_VERSION SETA 539" --predefine
="STM32F429xx SETA 1" --list=..\..\output\startup_stm32f429xx.lst ..\..\Drivers
\CMSIS\Device\ST\STM32F4xx\Source\Templates\arm\startup_stm32f429xx.s



ARM Macro Assembler    Page 1 Alphabetic symbol ordering
Relocatable symbols

STACK 00000000

Symbol: STACK
   Definitions
      At line 34 in file ..\..\Drivers\CMSIS\Device\ST\STM32F4xx\Source\Templat
es\arm\startup_stm32f429xx.s
   Uses
      None
Comment: STACK unused
Stack_Mem 00000000

Symbol: Stack_Mem
   Definitions
      At line 35 in file ..\..\Drivers\CMSIS\Device\ST\STM32F4xx\Source\Templat
es\arm\startup_stm32f429xx.s
   Uses
      At line 452 in file ..\..\Drivers\CMSIS\Device\ST\STM32F4xx\Source\Templa
tes\arm\startup_stm32f429xx.s
      At line 454 in file ..\..\Drivers\CMSIS\Device\ST\STM32F4xx\Source\Templa
tes\arm\startup_stm32f429xx.s

__initial_sp 00000800

Symbol: __initial_sp
   Definitions
      At line 36 in file ..\..\Drivers\CMSIS\Device\ST\STM32F4xx\Source\Templat
es\arm\startup_stm32f429xx.s
   Uses
      At line 61 in file ..\..\Drivers\CMSIS\Device\ST\STM32F4xx\Source\Templat
es\arm\startup_stm32f429xx.s
Comment: __initial_sp used once
3 symbols



ARM Macro Assembler    Page 1 Alphabetic symbol ordering
Relocatable symbols

HEAP 00000000

Symbol: HEAP
   Definitions
      At line 46 in file ..\..\Drivers\CMSIS\Device\ST\STM32F4xx\Source\Templat
es\arm\startup_stm32f429xx.s
   Uses
      None
Comment: HEAP unused
Heap_Mem 00000000

Symbol: Heap_Mem
   Definitions
      At line 48 in file ..\..\Drivers\CMSIS\Device\ST\STM32F4xx\Source\Templat
es\arm\startup_stm32f429xx.s
   Uses
      At line 451 in file ..\..\Drivers\CMSIS\Device\ST\STM32F4xx\Source\Templa
tes\arm\startup_stm32f429xx.s
      At line 453 in file ..\..\Drivers\CMSIS\Device\ST\STM32F4xx\Source\Templa
tes\arm\startup_stm32f429xx.s

__heap_base 00000000

Symbol: __heap_base
   Definitions
      At line 47 in file ..\..\Drivers\CMSIS\Device\ST\STM32F4xx\Source\Templat
es\arm\startup_stm32f429xx.s
   Uses
      None
Comment: __heap_base unused
__heap_limit 00000000

Symbol: __heap_limit
   Definitions
      At line 49 in file ..\..\Drivers\CMSIS\Device\ST\STM32F4xx\Source\Templat
es\arm\startup_stm32f429xx.s
   Uses
      None
Comment: __heap_limit unused
4 symbols



ARM Macro Assembler    Page 1 Alphabetic symbol ordering
Relocatable symbols

RESET 00000000

Symbol: RESET
   Definitions
      At line 56 in file ..\..\Drivers\CMSIS\Device\ST\STM32F4xx\Source\Templat
es\arm\startup_stm32f429xx.s
   Uses
      None
Comment: RESET unused
__Vectors 00000000

Symbol: __Vectors
   Definitions
      At line 61 in file ..\..\Drivers\CMSIS\Device\ST\STM32F4xx\Source\Templat
es\arm\startup_stm32f429xx.s
   Uses
      At line 57 in file ..\..\Drivers\CMSIS\Device\ST\STM32F4xx\Source\Templat
es\arm\startup_stm32f429xx.s
      At line 173 in file ..\..\Drivers\CMSIS\Device\ST\STM32F4xx\Source\Templa
tes\arm\startup_stm32f429xx.s

__Vectors_End 000001AC

Symbol: __Vectors_End
   Definitions
      At line 171 in file ..\..\Drivers\CMSIS\Device\ST\STM32F4xx\Source\Templa
tes\arm\startup_stm32f429xx.s
   Uses
      At line 58 in file ..\..\Drivers\CMSIS\Device\ST\STM32F4xx\Source\Templat
es\arm\startup_stm32f429xx.s
      At line 173 in file ..\..\Drivers\CMSIS\Device\ST\STM32F4xx\Source\Templa
tes\arm\startup_stm32f429xx.s

3 symbols



ARM Macro Assembler    Page 1 Alphabetic symbol ordering
Relocatable symbols

.text 00000000

Symbol: .text
   Definitions
      At line 175 in file ..\..\Drivers\CMSIS\Device\ST\STM32F4xx\Source\Templa
tes\arm\startup_stm32f429xx.s
   Uses
      None
Comment: .text unused
ADC_IRQHandler 00000022

Symbol: ADC_IRQHandler
   Definitions
      At line 357 in file ..\..\Drivers\CMSIS\Device\ST\STM32F4xx\Source\Templa
tes\arm\startup_stm32f429xx.s
   Uses
      At line 97 in file ..\..\Drivers\CMSIS\Device\ST\STM32F4xx\Source\Templat
es\arm\startup_stm32f429xx.s
      At line 266 in file ..\..\Drivers\CMSIS\Device\ST\STM32F4xx\Source\Templa
tes\arm\startup_stm32f429xx.s

BusFault_Handler 00000016

Symbol: BusFault_Handler
   Definitions
      At line 219 in file ..\..\Drivers\CMSIS\Device\ST\STM32F4xx\Source\Templa
tes\arm\startup_stm32f429xx.s
   Uses
      At line 66 in file ..\..\Drivers\CMSIS\Device\ST\STM32F4xx\Source\Templat
es\arm\startup_stm32f429xx.s
      At line 220 in file ..\..\Drivers\CMSIS\Device\ST\STM32F4xx\Source\Templa
tes\arm\startup_stm32f429xx.s

CAN1_RX0_IRQHandler 00000022

Symbol: CAN1_RX0_IRQHandler
   Definitions
      At line 359 in file ..\..\Drivers\CMSIS\Device\ST\STM32F4xx\Source\Templa
tes\arm\startup_stm32f429xx.s
   Uses
      At line 99 in file ..\..\Drivers\CMSIS\Device\ST\STM32F4xx\Source\Templat
es\arm\startup_stm32f429xx.s
      At line 268 in file ..\..\Drivers\CMSIS\Device\ST\STM32F4xx\Source\Templa
tes\arm\startup_stm32f429xx.s

CAN1_RX1_IRQHandler 00000022

Symbol: CAN1_RX1_IRQHandler
   Definitions
      At line 360 in file ..\..\Drivers\CMSIS\Device\ST\STM32F4xx\Source\Templa
tes\arm\startup_stm32f429xx.s
   Uses
      At line 100 in file ..\..\Drivers\CMSIS\Device\ST\STM32F4xx\Source\Templa
tes\arm\startup_stm32f429xx.s
      At line 269 in file ..\..\Drivers\CMSIS\Device\ST\STM32F4xx\Source\Templa
tes\arm\startup_stm32f429xx.s

CAN1_SCE_IRQHandler 00000022




ARM Macro Assembler    Page 2 Alphabetic symbol ordering
Relocatable symbols

Symbol: CAN1_SCE_IRQHandler
   Definitions
      At line 361 in file ..\..\Drivers\CMSIS\Device\ST\STM32F4xx\Source\Templa
tes\arm\startup_stm32f429xx.s
   Uses
      At line 101 in file ..\..\Drivers\CMSIS\Device\ST\STM32F4xx\Source\Templa
tes\arm\startup_stm32f429xx.s
      At line 270 in file ..\..\Drivers\CMSIS\Device\ST\STM32F4xx\Source\Templa
tes\arm\startup_stm32f429xx.s

CAN1_TX_IRQHandler 00000022

Symbol: CAN1_TX_IRQHandler
   Definitions
      At line 358 in file ..\..\Drivers\CMSIS\Device\ST\STM32F4xx\Source\Templa
tes\arm\startup_stm32f429xx.s
   Uses
      At line 98 in file ..\..\Drivers\CMSIS\Device\ST\STM32F4xx\Source\Templat
es\arm\startup_stm32f429xx.s
      At line 267 in file ..\..\Drivers\CMSIS\Device\ST\STM32F4xx\Source\Templa
tes\arm\startup_stm32f429xx.s

CAN2_RX0_IRQHandler 00000022

Symbol: CAN2_RX0_IRQHandler
   Definitions
      At line 403 in file ..\..\Drivers\CMSIS\Device\ST\STM32F4xx\Source\Templa
tes\arm\startup_stm32f429xx.s
   Uses
      At line 143 in file ..\..\Drivers\CMSIS\Device\ST\STM32F4xx\Source\Templa
tes\arm\startup_stm32f429xx.s
      At line 312 in file ..\..\Drivers\CMSIS\Device\ST\STM32F4xx\Source\Templa
tes\arm\startup_stm32f429xx.s

CAN2_RX1_IRQHandler 00000022

Symbol: CAN2_RX1_IRQHandler
   Definitions
      At line 404 in file ..\..\Drivers\CMSIS\Device\ST\STM32F4xx\Source\Templa
tes\arm\startup_stm32f429xx.s
   Uses
      At line 144 in file ..\..\Drivers\CMSIS\Device\ST\STM32F4xx\Source\Templa
tes\arm\startup_stm32f429xx.s
      At line 313 in file ..\..\Drivers\CMSIS\Device\ST\STM32F4xx\Source\Templa
tes\arm\startup_stm32f429xx.s

CAN2_SCE_IRQHandler 00000022

Symbol: CAN2_SCE_IRQHandler
   Definitions
      At line 405 in file ..\..\Drivers\CMSIS\Device\ST\STM32F4xx\Source\Templa
tes\arm\startup_stm32f429xx.s
   Uses
      At line 145 in file ..\..\Drivers\CMSIS\Device\ST\STM32F4xx\Source\Templa
tes\arm\startup_stm32f429xx.s
      At line 314 in file ..\..\Drivers\CMSIS\Device\ST\STM32F4xx\Source\Templa
tes\arm\startup_stm32f429xx.s

CAN2_TX_IRQHandler 00000022



ARM Macro Assembler    Page 3 Alphabetic symbol ordering
Relocatable symbols


Symbol: CAN2_TX_IRQHandler
   Definitions
      At line 402 in file ..\..\Drivers\CMSIS\Device\ST\STM32F4xx\Source\Templa
tes\arm\startup_stm32f429xx.s
   Uses
      At line 142 in file ..\..\Drivers\CMSIS\Device\ST\STM32F4xx\Source\Templa
tes\arm\startup_stm32f429xx.s
      At line 311 in file ..\..\Drivers\CMSIS\Device\ST\STM32F4xx\Source\Templa
tes\arm\startup_stm32f429xx.s

DCMI_IRQHandler 00000022

Symbol: DCMI_IRQHandler
   Definitions
      At line 417 in file ..\..\Drivers\CMSIS\Device\ST\STM32F4xx\Source\Templa
tes\arm\startup_stm32f429xx.s
   Uses
      At line 157 in file ..\..\Drivers\CMSIS\Device\ST\STM32F4xx\Source\Templa
tes\arm\startup_stm32f429xx.s
      At line 326 in file ..\..\Drivers\CMSIS\Device\ST\STM32F4xx\Source\Templa
tes\arm\startup_stm32f429xx.s

DMA1_Stream0_IRQHandler 00000022

Symbol: DMA1_Stream0_IRQHandler
   Definitions
      At line 350 in file ..\..\Drivers\CMSIS\Device\ST\STM32F4xx\Source\Templa
tes\arm\startup_stm32f429xx.s
   Uses
      At line 90 in file ..\..\Drivers\CMSIS\Device\ST\STM32F4xx\Source\Templat
es\arm\startup_stm32f429xx.s
      At line 259 in file ..\..\Drivers\CMSIS\Device\ST\STM32F4xx\Source\Templa
tes\arm\startup_stm32f429xx.s

DMA1_Stream1_IRQHandler 00000022

Symbol: DMA1_Stream1_IRQHandler
   Definitions
      At line 351 in file ..\..\Drivers\CMSIS\Device\ST\STM32F4xx\Source\Templa
tes\arm\startup_stm32f429xx.s
   Uses
      At line 91 in file ..\..\Drivers\CMSIS\Device\ST\STM32F4xx\Source\Templat
es\arm\startup_stm32f429xx.s
      At line 260 in file ..\..\Drivers\CMSIS\Device\ST\STM32F4xx\Source\Templa
tes\arm\startup_stm32f429xx.s

DMA1_Stream2_IRQHandler 00000022

Symbol: DMA1_Stream2_IRQHandler
   Definitions
      At line 352 in file ..\..\Drivers\CMSIS\Device\ST\STM32F4xx\Source\Templa
tes\arm\startup_stm32f429xx.s
   Uses
      At line 92 in file ..\..\Drivers\CMSIS\Device\ST\STM32F4xx\Source\Templat
es\arm\startup_stm32f429xx.s
      At line 261 in file ..\..\Drivers\CMSIS\Device\ST\STM32F4xx\Source\Templa
tes\arm\startup_stm32f429xx.s




ARM Macro Assembler    Page 4 Alphabetic symbol ordering
Relocatable symbols

DMA1_Stream3_IRQHandler 00000022

Symbol: DMA1_Stream3_IRQHandler
   Definitions
      At line 353 in file ..\..\Drivers\CMSIS\Device\ST\STM32F4xx\Source\Templa
tes\arm\startup_stm32f429xx.s
   Uses
      At line 93 in file ..\..\Drivers\CMSIS\Device\ST\STM32F4xx\Source\Templat
es\arm\startup_stm32f429xx.s
      At line 262 in file ..\..\Drivers\CMSIS\Device\ST\STM32F4xx\Source\Templa
tes\arm\startup_stm32f429xx.s

DMA1_Stream4_IRQHandler 00000022

Symbol: DMA1_Stream4_IRQHandler
   Definitions
      At line 354 in file ..\..\Drivers\CMSIS\Device\ST\STM32F4xx\Source\Templa
tes\arm\startup_stm32f429xx.s
   Uses
      At line 94 in file ..\..\Drivers\CMSIS\Device\ST\STM32F4xx\Source\Templat
es\arm\startup_stm32f429xx.s
      At line 263 in file ..\..\Drivers\CMSIS\Device\ST\STM32F4xx\Source\Templa
tes\arm\startup_stm32f429xx.s

DMA1_Stream5_IRQHandler 00000022

Symbol: DMA1_Stream5_IRQHandler
   Definitions
      At line 355 in file ..\..\Drivers\CMSIS\Device\ST\STM32F4xx\Source\Templa
tes\arm\startup_stm32f429xx.s
   Uses
      At line 95 in file ..\..\Drivers\CMSIS\Device\ST\STM32F4xx\Source\Templat
es\arm\startup_stm32f429xx.s
      At line 264 in file ..\..\Drivers\CMSIS\Device\ST\STM32F4xx\Source\Templa
tes\arm\startup_stm32f429xx.s

DMA1_Stream6_IRQHandler 00000022

Symbol: DMA1_Stream6_IRQHandler
   Definitions
      At line 356 in file ..\..\Drivers\CMSIS\Device\ST\STM32F4xx\Source\Templa
tes\arm\startup_stm32f429xx.s
   Uses
      At line 96 in file ..\..\Drivers\CMSIS\Device\ST\STM32F4xx\Source\Templat
es\arm\startup_stm32f429xx.s
      At line 265 in file ..\..\Drivers\CMSIS\Device\ST\STM32F4xx\Source\Templa
tes\arm\startup_stm32f429xx.s

DMA1_Stream7_IRQHandler 00000022

Symbol: DMA1_Stream7_IRQHandler
   Definitions
      At line 386 in file ..\..\Drivers\CMSIS\Device\ST\STM32F4xx\Source\Templa
tes\arm\startup_stm32f429xx.s
   Uses
      At line 126 in file ..\..\Drivers\CMSIS\Device\ST\STM32F4xx\Source\Templa
tes\arm\startup_stm32f429xx.s
      At line 295 in file ..\..\Drivers\CMSIS\Device\ST\STM32F4xx\Source\Templa
tes\arm\startup_stm32f429xx.s



ARM Macro Assembler    Page 5 Alphabetic symbol ordering
Relocatable symbols


DMA2D_IRQHandler 00000022

Symbol: DMA2D_IRQHandler
   Definitions
      At line 428 in file ..\..\Drivers\CMSIS\Device\ST\STM32F4xx\Source\Templa
tes\arm\startup_stm32f429xx.s
   Uses
      At line 169 in file ..\..\Drivers\CMSIS\Device\ST\STM32F4xx\Source\Templa
tes\arm\startup_stm32f429xx.s
      At line 337 in file ..\..\Drivers\CMSIS\Device\ST\STM32F4xx\Source\Templa
tes\arm\startup_stm32f429xx.s

DMA2_Stream0_IRQHandler 00000022

Symbol: DMA2_Stream0_IRQHandler
   Definitions
      At line 395 in file ..\..\Drivers\CMSIS\Device\ST\STM32F4xx\Source\Templa
tes\arm\startup_stm32f429xx.s
   Uses
      At line 135 in file ..\..\Drivers\CMSIS\Device\ST\STM32F4xx\Source\Templa
tes\arm\startup_stm32f429xx.s
      At line 304 in file ..\..\Drivers\CMSIS\Device\ST\STM32F4xx\Source\Templa
tes\arm\startup_stm32f429xx.s

DMA2_Stream1_IRQHandler 00000022

Symbol: DMA2_Stream1_IRQHandler
   Definitions
      At line 396 in file ..\..\Drivers\CMSIS\Device\ST\STM32F4xx\Source\Templa
tes\arm\startup_stm32f429xx.s
   Uses
      At line 136 in file ..\..\Drivers\CMSIS\Device\ST\STM32F4xx\Source\Templa
tes\arm\startup_stm32f429xx.s
      At line 305 in file ..\..\Drivers\CMSIS\Device\ST\STM32F4xx\Source\Templa
tes\arm\startup_stm32f429xx.s

DMA2_Stream2_IRQHandler 00000022

Symbol: DMA2_Stream2_IRQHandler
   Definitions
      At line 397 in file ..\..\Drivers\CMSIS\Device\ST\STM32F4xx\Source\Templa
tes\arm\startup_stm32f429xx.s
   Uses
      At line 137 in file ..\..\Drivers\CMSIS\Device\ST\STM32F4xx\Source\Templa
tes\arm\startup_stm32f429xx.s
      At line 306 in file ..\..\Drivers\CMSIS\Device\ST\STM32F4xx\Source\Templa
tes\arm\startup_stm32f429xx.s

DMA2_Stream3_IRQHandler 00000022

Symbol: DMA2_Stream3_IRQHandler
   Definitions
      At line 398 in file ..\..\Drivers\CMSIS\Device\ST\STM32F4xx\Source\Templa
tes\arm\startup_stm32f429xx.s
   Uses
      At line 138 in file ..\..\Drivers\CMSIS\Device\ST\STM32F4xx\Source\Templa
tes\arm\startup_stm32f429xx.s
      At line 307 in file ..\..\Drivers\CMSIS\Device\ST\STM32F4xx\Source\Templa



ARM Macro Assembler    Page 6 Alphabetic symbol ordering
Relocatable symbols

tes\arm\startup_stm32f429xx.s

DMA2_Stream4_IRQHandler 00000022

Symbol: DMA2_Stream4_IRQHandler
   Definitions
      At line 399 in file ..\..\Drivers\CMSIS\Device\ST\STM32F4xx\Source\Templa
tes\arm\startup_stm32f429xx.s
   Uses
      At line 139 in file ..\..\Drivers\CMSIS\Device\ST\STM32F4xx\Source\Templa
tes\arm\startup_stm32f429xx.s
      At line 308 in file ..\..\Drivers\CMSIS\Device\ST\STM32F4xx\Source\Templa
tes\arm\startup_stm32f429xx.s

DMA2_Stream5_IRQHandler 00000022

Symbol: DMA2_Stream5_IRQHandler
   Definitions
      At line 407 in file ..\..\Drivers\CMSIS\Device\ST\STM32F4xx\Source\Templa
tes\arm\startup_stm32f429xx.s
   Uses
      At line 147 in file ..\..\Drivers\CMSIS\Device\ST\STM32F4xx\Source\Templa
tes\arm\startup_stm32f429xx.s
      At line 316 in file ..\..\Drivers\CMSIS\Device\ST\STM32F4xx\Source\Templa
tes\arm\startup_stm32f429xx.s

DMA2_Stream6_IRQHandler 00000022

Symbol: DMA2_Stream6_IRQHandler
   Definitions
      At line 408 in file ..\..\Drivers\CMSIS\Device\ST\STM32F4xx\Source\Templa
tes\arm\startup_stm32f429xx.s
   Uses
      At line 148 in file ..\..\Drivers\CMSIS\Device\ST\STM32F4xx\Source\Templa
tes\arm\startup_stm32f429xx.s
      At line 317 in file ..\..\Drivers\CMSIS\Device\ST\STM32F4xx\Source\Templa
tes\arm\startup_stm32f429xx.s

DMA2_Stream7_IRQHandler 00000022

Symbol: DMA2_Stream7_IRQHandler
   Definitions
      At line 409 in file ..\..\Drivers\CMSIS\Device\ST\STM32F4xx\Source\Templa
tes\arm\startup_stm32f429xx.s
   Uses
      At line 149 in file ..\..\Drivers\CMSIS\Device\ST\STM32F4xx\Source\Templa
tes\arm\startup_stm32f429xx.s
      At line 318 in file ..\..\Drivers\CMSIS\Device\ST\STM32F4xx\Source\Templa
tes\arm\startup_stm32f429xx.s

DebugMon_Handler 0000001C

Symbol: DebugMon_Handler
   Definitions
      At line 233 in file ..\..\Drivers\CMSIS\Device\ST\STM32F4xx\Source\Templa
tes\arm\startup_stm32f429xx.s
   Uses
      At line 73 in file ..\..\Drivers\CMSIS\Device\ST\STM32F4xx\Source\Templat
es\arm\startup_stm32f429xx.s



ARM Macro Assembler    Page 7 Alphabetic symbol ordering
Relocatable symbols

      At line 234 in file ..\..\Drivers\CMSIS\Device\ST\STM32F4xx\Source\Templa
tes\arm\startup_stm32f429xx.s

Default_Handler 00000022

Symbol: Default_Handler
   Definitions
      At line 246 in file ..\..\Drivers\CMSIS\Device\ST\STM32F4xx\Source\Templa
tes\arm\startup_stm32f429xx.s
   Uses
      None
Comment: Default_Handler unused
ETH_IRQHandler 00000022

Symbol: ETH_IRQHandler
   Definitions
      At line 400 in file ..\..\Drivers\CMSIS\Device\ST\STM32F4xx\Source\Templa
tes\arm\startup_stm32f429xx.s
   Uses
      At line 140 in file ..\..\Drivers\CMSIS\Device\ST\STM32F4xx\Source\Templa
tes\arm\startup_stm32f429xx.s
      At line 309 in file ..\..\Drivers\CMSIS\Device\ST\STM32F4xx\Source\Templa
tes\arm\startup_stm32f429xx.s

ETH_WKUP_IRQHandler 00000022

Symbol: ETH_WKUP_IRQHandler
   Definitions
      At line 401 in file ..\..\Drivers\CMSIS\Device\ST\STM32F4xx\Source\Templa
tes\arm\startup_stm32f429xx.s
   Uses
      At line 141 in file ..\..\Drivers\CMSIS\Device\ST\STM32F4xx\Source\Templa
tes\arm\startup_stm32f429xx.s
      At line 310 in file ..\..\Drivers\CMSIS\Device\ST\STM32F4xx\Source\Templa
tes\arm\startup_stm32f429xx.s

EXTI0_IRQHandler 00000022

Symbol: EXTI0_IRQHandler
   Definitions
      At line 345 in file ..\..\Drivers\CMSIS\Device\ST\STM32F4xx\Source\Templa
tes\arm\startup_stm32f429xx.s
   Uses
      At line 85 in file ..\..\Drivers\CMSIS\Device\ST\STM32F4xx\Source\Templat
es\arm\startup_stm32f429xx.s
      At line 254 in file ..\..\Drivers\CMSIS\Device\ST\STM32F4xx\Source\Templa
tes\arm\startup_stm32f429xx.s

EXTI15_10_IRQHandler 00000022

Symbol: EXTI15_10_IRQHandler
   Definitions
      At line 379 in file ..\..\Drivers\CMSIS\Device\ST\STM32F4xx\Source\Templa
tes\arm\startup_stm32f429xx.s
   Uses
      At line 119 in file ..\..\Drivers\CMSIS\Device\ST\STM32F4xx\Source\Templa
tes\arm\startup_stm32f429xx.s
      At line 288 in file ..\..\Drivers\CMSIS\Device\ST\STM32F4xx\Source\Templa
tes\arm\startup_stm32f429xx.s



ARM Macro Assembler    Page 8 Alphabetic symbol ordering
Relocatable symbols


EXTI1_IRQHandler 00000022

Symbol: EXTI1_IRQHandler
   Definitions
      At line 346 in file ..\..\Drivers\CMSIS\Device\ST\STM32F4xx\Source\Templa
tes\arm\startup_stm32f429xx.s
   Uses
      At line 86 in file ..\..\Drivers\CMSIS\Device\ST\STM32F4xx\Source\Templat
es\arm\startup_stm32f429xx.s
      At line 255 in file ..\..\Drivers\CMSIS\Device\ST\STM32F4xx\Source\Templa
tes\arm\startup_stm32f429xx.s

EXTI2_IRQHandler 00000022

Symbol: EXTI2_IRQHandler
   Definitions
      At line 347 in file ..\..\Drivers\CMSIS\Device\ST\STM32F4xx\Source\Templa
tes\arm\startup_stm32f429xx.s
   Uses
      At line 87 in file ..\..\Drivers\CMSIS\Device\ST\STM32F4xx\Source\Templat
es\arm\startup_stm32f429xx.s
      At line 256 in file ..\..\Drivers\CMSIS\Device\ST\STM32F4xx\Source\Templa
tes\arm\startup_stm32f429xx.s

EXTI3_IRQHandler 00000022

Symbol: EXTI3_IRQHandler
   Definitions
      At line 348 in file ..\..\Drivers\CMSIS\Device\ST\STM32F4xx\Source\Templa
tes\arm\startup_stm32f429xx.s
   Uses
      At line 88 in file ..\..\Drivers\CMSIS\Device\ST\STM32F4xx\Source\Templat
es\arm\startup_stm32f429xx.s
      At line 257 in file ..\..\Drivers\CMSIS\Device\ST\STM32F4xx\Source\Templa
tes\arm\startup_stm32f429xx.s

EXTI4_IRQHandler 00000022

Symbol: EXTI4_IRQHandler
   Definitions
      At line 349 in file ..\..\Drivers\CMSIS\Device\ST\STM32F4xx\Source\Templa
tes\arm\startup_stm32f429xx.s
   Uses
      At line 89 in file ..\..\Drivers\CMSIS\Device\ST\STM32F4xx\Source\Templat
es\arm\startup_stm32f429xx.s
      At line 258 in file ..\..\Drivers\CMSIS\Device\ST\STM32F4xx\Source\Templa
tes\arm\startup_stm32f429xx.s

EXTI9_5_IRQHandler 00000022

Symbol: EXTI9_5_IRQHandler
   Definitions
      At line 362 in file ..\..\Drivers\CMSIS\Device\ST\STM32F4xx\Source\Templa
tes\arm\startup_stm32f429xx.s
   Uses
      At line 102 in file ..\..\Drivers\CMSIS\Device\ST\STM32F4xx\Source\Templa
tes\arm\startup_stm32f429xx.s
      At line 271 in file ..\..\Drivers\CMSIS\Device\ST\STM32F4xx\Source\Templa



ARM Macro Assembler    Page 9 Alphabetic symbol ordering
Relocatable symbols

tes\arm\startup_stm32f429xx.s

FLASH_IRQHandler 00000022

Symbol: FLASH_IRQHandler
   Definitions
      At line 343 in file ..\..\Drivers\CMSIS\Device\ST\STM32F4xx\Source\Templa
tes\arm\startup_stm32f429xx.s
   Uses
      At line 83 in file ..\..\Drivers\CMSIS\Device\ST\STM32F4xx\Source\Templat
es\arm\startup_stm32f429xx.s
      At line 252 in file ..\..\Drivers\CMSIS\Device\ST\STM32F4xx\Source\Templa
tes\arm\startup_stm32f429xx.s

FMC_IRQHandler 00000022

Symbol: FMC_IRQHandler
   Definitions
      At line 387 in file ..\..\Drivers\CMSIS\Device\ST\STM32F4xx\Source\Templa
tes\arm\startup_stm32f429xx.s
   Uses
      At line 127 in file ..\..\Drivers\CMSIS\Device\ST\STM32F4xx\Source\Templa
tes\arm\startup_stm32f429xx.s
      At line 296 in file ..\..\Drivers\CMSIS\Device\ST\STM32F4xx\Source\Templa
tes\arm\startup_stm32f429xx.s

FPU_IRQHandler 00000022

Symbol: FPU_IRQHandler
   Definitions
      At line 419 in file ..\..\Drivers\CMSIS\Device\ST\STM32F4xx\Source\Templa
tes\arm\startup_stm32f429xx.s
   Uses
      At line 160 in file ..\..\Drivers\CMSIS\Device\ST\STM32F4xx\Source\Templa
tes\arm\startup_stm32f429xx.s
      At line 328 in file ..\..\Drivers\CMSIS\Device\ST\STM32F4xx\Source\Templa
tes\arm\startup_stm32f429xx.s

HASH_RNG_IRQHandler 00000022

Symbol: HASH_RNG_IRQHandler
   Definitions
      At line 418 in file ..\..\Drivers\CMSIS\Device\ST\STM32F4xx\Source\Templa
tes\arm\startup_stm32f429xx.s
   Uses
      At line 159 in file ..\..\Drivers\CMSIS\Device\ST\STM32F4xx\Source\Templa
tes\arm\startup_stm32f429xx.s
      At line 327 in file ..\..\Drivers\CMSIS\Device\ST\STM32F4xx\Source\Templa
tes\arm\startup_stm32f429xx.s

HardFault_Handler 00000012

Symbol: HardFault_Handler
   Definitions
      At line 209 in file ..\..\Drivers\CMSIS\Device\ST\STM32F4xx\Source\Templa
tes\arm\startup_stm32f429xx.s
   Uses
      At line 64 in file ..\..\Drivers\CMSIS\Device\ST\STM32F4xx\Source\Templat
es\arm\startup_stm32f429xx.s



ARM Macro Assembler    Page 10 Alphabetic symbol ordering
Relocatable symbols

      At line 210 in file ..\..\Drivers\CMSIS\Device\ST\STM32F4xx\Source\Templa
tes\arm\startup_stm32f429xx.s

I2C1_ER_IRQHandler 00000022

Symbol: I2C1_ER_IRQHandler
   Definitions
      At line 371 in file ..\..\Drivers\CMSIS\Device\ST\STM32F4xx\Source\Templa
tes\arm\startup_stm32f429xx.s
   Uses
      At line 111 in file ..\..\Drivers\CMSIS\Device\ST\STM32F4xx\Source\Templa
tes\arm\startup_stm32f429xx.s
      At line 280 in file ..\..\Drivers\CMSIS\Device\ST\STM32F4xx\Source\Templa
tes\arm\startup_stm32f429xx.s

I2C1_EV_IRQHandler 00000022

Symbol: I2C1_EV_IRQHandler
   Definitions
      At line 370 in file ..\..\Drivers\CMSIS\Device\ST\STM32F4xx\Source\Templa
tes\arm\startup_stm32f429xx.s
   Uses
      At line 110 in file ..\..\Drivers\CMSIS\Device\ST\STM32F4xx\Source\Templa
tes\arm\startup_stm32f429xx.s
      At line 279 in file ..\..\Drivers\CMSIS\Device\ST\STM32F4xx\Source\Templa
tes\arm\startup_stm32f429xx.s

I2C2_ER_IRQHandler 00000022

Symbol: I2C2_ER_IRQHandler
   Definitions
      At line 373 in file ..\..\Drivers\CMSIS\Device\ST\STM32F4xx\Source\Templa
tes\arm\startup_stm32f429xx.s
   Uses
      At line 113 in file ..\..\Drivers\CMSIS\Device\ST\STM32F4xx\Source\Templa
tes\arm\startup_stm32f429xx.s
      At line 282 in file ..\..\Drivers\CMSIS\Device\ST\STM32F4xx\Source\Templa
tes\arm\startup_stm32f429xx.s

I2C2_EV_IRQHandler 00000022

Symbol: I2C2_EV_IRQHandler
   Definitions
      At line 372 in file ..\..\Drivers\CMSIS\Device\ST\STM32F4xx\Source\Templa
tes\arm\startup_stm32f429xx.s
   Uses
      At line 112 in file ..\..\Drivers\CMSIS\Device\ST\STM32F4xx\Source\Templa
tes\arm\startup_stm32f429xx.s
      At line 281 in file ..\..\Drivers\CMSIS\Device\ST\STM32F4xx\Source\Templa
tes\arm\startup_stm32f429xx.s

I2C3_ER_IRQHandler 00000022

Symbol: I2C3_ER_IRQHandler
   Definitions
      At line 412 in file ..\..\Drivers\CMSIS\Device\ST\STM32F4xx\Source\Templa
tes\arm\startup_stm32f429xx.s
   Uses
      At line 152 in file ..\..\Drivers\CMSIS\Device\ST\STM32F4xx\Source\Templa



ARM Macro Assembler    Page 11 Alphabetic symbol ordering
Relocatable symbols

tes\arm\startup_stm32f429xx.s
      At line 321 in file ..\..\Drivers\CMSIS\Device\ST\STM32F4xx\Source\Templa
tes\arm\startup_stm32f429xx.s

I2C3_EV_IRQHandler 00000022

Symbol: I2C3_EV_IRQHandler
   Definitions
      At line 411 in file ..\..\Drivers\CMSIS\Device\ST\STM32F4xx\Source\Templa
tes\arm\startup_stm32f429xx.s
   Uses
      At line 151 in file ..\..\Drivers\CMSIS\Device\ST\STM32F4xx\Source\Templa
tes\arm\startup_stm32f429xx.s
      At line 320 in file ..\..\Drivers\CMSIS\Device\ST\STM32F4xx\Source\Templa
tes\arm\startup_stm32f429xx.s

LTDC_ER_IRQHandler 00000022

Symbol: LTDC_ER_IRQHandler
   Definitions
      At line 427 in file ..\..\Drivers\CMSIS\Device\ST\STM32F4xx\Source\Templa
tes\arm\startup_stm32f429xx.s
   Uses
      At line 168 in file ..\..\Drivers\CMSIS\Device\ST\STM32F4xx\Source\Templa
tes\arm\startup_stm32f429xx.s
      At line 336 in file ..\..\Drivers\CMSIS\Device\ST\STM32F4xx\Source\Templa
tes\arm\startup_stm32f429xx.s

LTDC_IRQHandler 00000022

Symbol: LTDC_IRQHandler
   Definitions
      At line 426 in file ..\..\Drivers\CMSIS\Device\ST\STM32F4xx\Source\Templa
tes\arm\startup_stm32f429xx.s
   Uses
      At line 167 in file ..\..\Drivers\CMSIS\Device\ST\STM32F4xx\Source\Templa
tes\arm\startup_stm32f429xx.s
      At line 335 in file ..\..\Drivers\CMSIS\Device\ST\STM32F4xx\Source\Templa
tes\arm\startup_stm32f429xx.s

MemManage_Handler 00000014

Symbol: MemManage_Handler
   Definitions
      At line 214 in file ..\..\Drivers\CMSIS\Device\ST\STM32F4xx\Source\Templa
tes\arm\startup_stm32f429xx.s
   Uses
      At line 65 in file ..\..\Drivers\CMSIS\Device\ST\STM32F4xx\Source\Templat
es\arm\startup_stm32f429xx.s
      At line 215 in file ..\..\Drivers\CMSIS\Device\ST\STM32F4xx\Source\Templa
tes\arm\startup_stm32f429xx.s

NMI_Handler 00000010

Symbol: NMI_Handler
   Definitions
      At line 204 in file ..\..\Drivers\CMSIS\Device\ST\STM32F4xx\Source\Templa
tes\arm\startup_stm32f429xx.s
   Uses



ARM Macro Assembler    Page 12 Alphabetic symbol ordering
Relocatable symbols

      At line 63 in file ..\..\Drivers\CMSIS\Device\ST\STM32F4xx\Source\Templat
es\arm\startup_stm32f429xx.s
      At line 205 in file ..\..\Drivers\CMSIS\Device\ST\STM32F4xx\Source\Templa
tes\arm\startup_stm32f429xx.s

OTG_FS_IRQHandler 00000022

Symbol: OTG_FS_IRQHandler
   Definitions
      At line 406 in file ..\..\Drivers\CMSIS\Device\ST\STM32F4xx\Source\Templa
tes\arm\startup_stm32f429xx.s
   Uses
      At line 146 in file ..\..\Drivers\CMSIS\Device\ST\STM32F4xx\Source\Templa
tes\arm\startup_stm32f429xx.s
      At line 315 in file ..\..\Drivers\CMSIS\Device\ST\STM32F4xx\Source\Templa
tes\arm\startup_stm32f429xx.s

OTG_FS_WKUP_IRQHandler 00000022

Symbol: OTG_FS_WKUP_IRQHandler
   Definitions
      At line 381 in file ..\..\Drivers\CMSIS\Device\ST\STM32F4xx\Source\Templa
tes\arm\startup_stm32f429xx.s
   Uses
      At line 121 in file ..\..\Drivers\CMSIS\Device\ST\STM32F4xx\Source\Templa
tes\arm\startup_stm32f429xx.s
      At line 290 in file ..\..\Drivers\CMSIS\Device\ST\STM32F4xx\Source\Templa
tes\arm\startup_stm32f429xx.s

OTG_HS_EP1_IN_IRQHandler 00000022

Symbol: OTG_HS_EP1_IN_IRQHandler
   Definitions
      At line 414 in file ..\..\Drivers\CMSIS\Device\ST\STM32F4xx\Source\Templa
tes\arm\startup_stm32f429xx.s
   Uses
      At line 154 in file ..\..\Drivers\CMSIS\Device\ST\STM32F4xx\Source\Templa
tes\arm\startup_stm32f429xx.s
      At line 323 in file ..\..\Drivers\CMSIS\Device\ST\STM32F4xx\Source\Templa
tes\arm\startup_stm32f429xx.s

OTG_HS_EP1_OUT_IRQHandler 00000022

Symbol: OTG_HS_EP1_OUT_IRQHandler
   Definitions
      At line 413 in file ..\..\Drivers\CMSIS\Device\ST\STM32F4xx\Source\Templa
tes\arm\startup_stm32f429xx.s
   Uses
      At line 153 in file ..\..\Drivers\CMSIS\Device\ST\STM32F4xx\Source\Templa
tes\arm\startup_stm32f429xx.s
      At line 322 in file ..\..\Drivers\CMSIS\Device\ST\STM32F4xx\Source\Templa
tes\arm\startup_stm32f429xx.s

OTG_HS_IRQHandler 00000022

Symbol: OTG_HS_IRQHandler
   Definitions
      At line 416 in file ..\..\Drivers\CMSIS\Device\ST\STM32F4xx\Source\Templa
tes\arm\startup_stm32f429xx.s



ARM Macro Assembler    Page 13 Alphabetic symbol ordering
Relocatable symbols

   Uses
      At line 156 in file ..\..\Drivers\CMSIS\Device\ST\STM32F4xx\Source\Templa
tes\arm\startup_stm32f429xx.s
      At line 325 in file ..\..\Drivers\CMSIS\Device\ST\STM32F4xx\Source\Templa
tes\arm\startup_stm32f429xx.s

OTG_HS_WKUP_IRQHandler 00000022

Symbol: OTG_HS_WKUP_IRQHandler
   Definitions
      At line 415 in file ..\..\Drivers\CMSIS\Device\ST\STM32F4xx\Source\Templa
tes\arm\startup_stm32f429xx.s
   Uses
      At line 155 in file ..\..\Drivers\CMSIS\Device\ST\STM32F4xx\Source\Templa
tes\arm\startup_stm32f429xx.s
      At line 324 in file ..\..\Drivers\CMSIS\Device\ST\STM32F4xx\Source\Templa
tes\arm\startup_stm32f429xx.s

PVD_IRQHandler 00000022

Symbol: PVD_IRQHandler
   Definitions
      At line 340 in file ..\..\Drivers\CMSIS\Device\ST\STM32F4xx\Source\Templa
tes\arm\startup_stm32f429xx.s
   Uses
      At line 80 in file ..\..\Drivers\CMSIS\Device\ST\STM32F4xx\Source\Templat
es\arm\startup_stm32f429xx.s
      At line 249 in file ..\..\Drivers\CMSIS\Device\ST\STM32F4xx\Source\Templa
tes\arm\startup_stm32f429xx.s

PendSV_Handler 0000001E

Symbol: PendSV_Handler
   Definitions
      At line 237 in file ..\..\Drivers\CMSIS\Device\ST\STM32F4xx\Source\Templa
tes\arm\startup_stm32f429xx.s
   Uses
      At line 75 in file ..\..\Drivers\CMSIS\Device\ST\STM32F4xx\Source\Templat
es\arm\startup_stm32f429xx.s
      At line 238 in file ..\..\Drivers\CMSIS\Device\ST\STM32F4xx\Source\Templa
tes\arm\startup_stm32f429xx.s

RCC_IRQHandler 00000022

Symbol: RCC_IRQHandler
   Definitions
      At line 344 in file ..\..\Drivers\CMSIS\Device\ST\STM32F4xx\Source\Templa
tes\arm\startup_stm32f429xx.s
   Uses
      At line 84 in file ..\..\Drivers\CMSIS\Device\ST\STM32F4xx\Source\Templat
es\arm\startup_stm32f429xx.s
      At line 253 in file ..\..\Drivers\CMSIS\Device\ST\STM32F4xx\Source\Templa
tes\arm\startup_stm32f429xx.s

RTC_Alarm_IRQHandler 00000022

Symbol: RTC_Alarm_IRQHandler
   Definitions
      At line 380 in file ..\..\Drivers\CMSIS\Device\ST\STM32F4xx\Source\Templa



ARM Macro Assembler    Page 14 Alphabetic symbol ordering
Relocatable symbols

tes\arm\startup_stm32f429xx.s
   Uses
      At line 120 in file ..\..\Drivers\CMSIS\Device\ST\STM32F4xx\Source\Templa
tes\arm\startup_stm32f429xx.s
      At line 289 in file ..\..\Drivers\CMSIS\Device\ST\STM32F4xx\Source\Templa
tes\arm\startup_stm32f429xx.s

RTC_WKUP_IRQHandler 00000022

Symbol: RTC_WKUP_IRQHandler
   Definitions
      At line 342 in file ..\..\Drivers\CMSIS\Device\ST\STM32F4xx\Source\Templa
tes\arm\startup_stm32f429xx.s
   Uses
      At line 82 in file ..\..\Drivers\CMSIS\Device\ST\STM32F4xx\Source\Templat
es\arm\startup_stm32f429xx.s
      At line 251 in file ..\..\Drivers\CMSIS\Device\ST\STM32F4xx\Source\Templa
tes\arm\startup_stm32f429xx.s

Reset_Handler 00000000

Symbol: Reset_Handler
   Definitions
      At line 178 in file ..\..\Drivers\CMSIS\Device\ST\STM32F4xx\Source\Templa
tes\arm\startup_stm32f429xx.s
   Uses
      At line 62 in file ..\..\Drivers\CMSIS\Device\ST\STM32F4xx\Source\Templat
es\arm\startup_stm32f429xx.s
      At line 179 in file ..\..\Drivers\CMSIS\Device\ST\STM32F4xx\Source\Templa
tes\arm\startup_stm32f429xx.s

SAI1_IRQHandler 00000022

Symbol: SAI1_IRQHandler
   Definitions
      At line 425 in file ..\..\Drivers\CMSIS\Device\ST\STM32F4xx\Source\Templa
tes\arm\startup_stm32f429xx.s
   Uses
      At line 166 in file ..\..\Drivers\CMSIS\Device\ST\STM32F4xx\Source\Templa
tes\arm\startup_stm32f429xx.s
      At line 334 in file ..\..\Drivers\CMSIS\Device\ST\STM32F4xx\Source\Templa
tes\arm\startup_stm32f429xx.s

SDIO_IRQHandler 00000022

Symbol: SDIO_IRQHandler
   Definitions
      At line 388 in file ..\..\Drivers\CMSIS\Device\ST\STM32F4xx\Source\Templa
tes\arm\startup_stm32f429xx.s
   Uses
      At line 128 in file ..\..\Drivers\CMSIS\Device\ST\STM32F4xx\Source\Templa
tes\arm\startup_stm32f429xx.s
      At line 297 in file ..\..\Drivers\CMSIS\Device\ST\STM32F4xx\Source\Templa
tes\arm\startup_stm32f429xx.s

SPI1_IRQHandler 00000022

Symbol: SPI1_IRQHandler
   Definitions



ARM Macro Assembler    Page 15 Alphabetic symbol ordering
Relocatable symbols

      At line 374 in file ..\..\Drivers\CMSIS\Device\ST\STM32F4xx\Source\Templa
tes\arm\startup_stm32f429xx.s
   Uses
      At line 114 in file ..\..\Drivers\CMSIS\Device\ST\STM32F4xx\Source\Templa
tes\arm\startup_stm32f429xx.s
      At line 283 in file ..\..\Drivers\CMSIS\Device\ST\STM32F4xx\Source\Templa
tes\arm\startup_stm32f429xx.s

SPI2_IRQHandler 00000022

Symbol: SPI2_IRQHandler
   Definitions
      At line 375 in file ..\..\Drivers\CMSIS\Device\ST\STM32F4xx\Source\Templa
tes\arm\startup_stm32f429xx.s
   Uses
      At line 115 in file ..\..\Drivers\CMSIS\Device\ST\STM32F4xx\Source\Templa
tes\arm\startup_stm32f429xx.s
      At line 284 in file ..\..\Drivers\CMSIS\Device\ST\STM32F4xx\Source\Templa
tes\arm\startup_stm32f429xx.s

SPI3_IRQHandler 00000022

Symbol: SPI3_IRQHandler
   Definitions
      At line 390 in file ..\..\Drivers\CMSIS\Device\ST\STM32F4xx\Source\Templa
tes\arm\startup_stm32f429xx.s
   Uses
      At line 130 in file ..\..\Drivers\CMSIS\Device\ST\STM32F4xx\Source\Templa
tes\arm\startup_stm32f429xx.s
      At line 299 in file ..\..\Drivers\CMSIS\Device\ST\STM32F4xx\Source\Templa
tes\arm\startup_stm32f429xx.s

SPI4_IRQHandler 00000022

Symbol: SPI4_IRQHandler
   Definitions
      At line 422 in file ..\..\Drivers\CMSIS\Device\ST\STM32F4xx\Source\Templa
tes\arm\startup_stm32f429xx.s
   Uses
      At line 163 in file ..\..\Drivers\CMSIS\Device\ST\STM32F4xx\Source\Templa
tes\arm\startup_stm32f429xx.s
      At line 331 in file ..\..\Drivers\CMSIS\Device\ST\STM32F4xx\Source\Templa
tes\arm\startup_stm32f429xx.s

SPI5_IRQHandler 00000022

Symbol: SPI5_IRQHandler
   Definitions
      At line 423 in file ..\..\Drivers\CMSIS\Device\ST\STM32F4xx\Source\Templa
tes\arm\startup_stm32f429xx.s
   Uses
      At line 164 in file ..\..\Drivers\CMSIS\Device\ST\STM32F4xx\Source\Templa
tes\arm\startup_stm32f429xx.s
      At line 332 in file ..\..\Drivers\CMSIS\Device\ST\STM32F4xx\Source\Templa
tes\arm\startup_stm32f429xx.s

SPI6_IRQHandler 00000022

Symbol: SPI6_IRQHandler



ARM Macro Assembler    Page 16 Alphabetic symbol ordering
Relocatable symbols

   Definitions
      At line 424 in file ..\..\Drivers\CMSIS\Device\ST\STM32F4xx\Source\Templa
tes\arm\startup_stm32f429xx.s
   Uses
      At line 165 in file ..\..\Drivers\CMSIS\Device\ST\STM32F4xx\Source\Templa
tes\arm\startup_stm32f429xx.s
      At line 333 in file ..\..\Drivers\CMSIS\Device\ST\STM32F4xx\Source\Templa
tes\arm\startup_stm32f429xx.s

SVC_Handler 0000001A

Symbol: SVC_Handler
   Definitions
      At line 228 in file ..\..\Drivers\CMSIS\Device\ST\STM32F4xx\Source\Templa
tes\arm\startup_stm32f429xx.s
   Uses
      At line 72 in file ..\..\Drivers\CMSIS\Device\ST\STM32F4xx\Source\Templat
es\arm\startup_stm32f429xx.s
      At line 229 in file ..\..\Drivers\CMSIS\Device\ST\STM32F4xx\Source\Templa
tes\arm\startup_stm32f429xx.s

SysTick_Handler 00000020

Symbol: SysTick_Handler
   Definitions
      At line 241 in file ..\..\Drivers\CMSIS\Device\ST\STM32F4xx\Source\Templa
tes\arm\startup_stm32f429xx.s
   Uses
      At line 76 in file ..\..\Drivers\CMSIS\Device\ST\STM32F4xx\Source\Templat
es\arm\startup_stm32f429xx.s
      At line 242 in file ..\..\Drivers\CMSIS\Device\ST\STM32F4xx\Source\Templa
tes\arm\startup_stm32f429xx.s

TAMP_STAMP_IRQHandler 00000022

Symbol: TAMP_STAMP_IRQHandler
   Definitions
      At line 341 in file ..\..\Drivers\CMSIS\Device\ST\STM32F4xx\Source\Templa
tes\arm\startup_stm32f429xx.s
   Uses
      At line 81 in file ..\..\Drivers\CMSIS\Device\ST\STM32F4xx\Source\Templat
es\arm\startup_stm32f429xx.s
      At line 250 in file ..\..\Drivers\CMSIS\Device\ST\STM32F4xx\Source\Templa
tes\arm\startup_stm32f429xx.s

TIM1_BRK_TIM9_IRQHandler 00000022

Symbol: TIM1_BRK_TIM9_IRQHandler
   Definitions
      At line 363 in file ..\..\Drivers\CMSIS\Device\ST\STM32F4xx\Source\Templa
tes\arm\startup_stm32f429xx.s
   Uses
      At line 103 in file ..\..\Drivers\CMSIS\Device\ST\STM32F4xx\Source\Templa
tes\arm\startup_stm32f429xx.s
      At line 272 in file ..\..\Drivers\CMSIS\Device\ST\STM32F4xx\Source\Templa
tes\arm\startup_stm32f429xx.s

TIM1_CC_IRQHandler 00000022




ARM Macro Assembler    Page 17 Alphabetic symbol ordering
Relocatable symbols

Symbol: TIM1_CC_IRQHandler
   Definitions
      At line 366 in file ..\..\Drivers\CMSIS\Device\ST\STM32F4xx\Source\Templa
tes\arm\startup_stm32f429xx.s
   Uses
      At line 106 in file ..\..\Drivers\CMSIS\Device\ST\STM32F4xx\Source\Templa
tes\arm\startup_stm32f429xx.s
      At line 275 in file ..\..\Drivers\CMSIS\Device\ST\STM32F4xx\Source\Templa
tes\arm\startup_stm32f429xx.s

TIM1_TRG_COM_TIM11_IRQHandler 00000022

Symbol: TIM1_TRG_COM_TIM11_IRQHandler
   Definitions
      At line 365 in file ..\..\Drivers\CMSIS\Device\ST\STM32F4xx\Source\Templa
tes\arm\startup_stm32f429xx.s
   Uses
      At line 105 in file ..\..\Drivers\CMSIS\Device\ST\STM32F4xx\Source\Templa
tes\arm\startup_stm32f429xx.s
      At line 274 in file ..\..\Drivers\CMSIS\Device\ST\STM32F4xx\Source\Templa
tes\arm\startup_stm32f429xx.s

TIM1_UP_TIM10_IRQHandler 00000022

Symbol: TIM1_UP_TIM10_IRQHandler
   Definitions
      At line 364 in file ..\..\Drivers\CMSIS\Device\ST\STM32F4xx\Source\Templa
tes\arm\startup_stm32f429xx.s
   Uses
      At line 104 in file ..\..\Drivers\CMSIS\Device\ST\STM32F4xx\Source\Templa
tes\arm\startup_stm32f429xx.s
      At line 273 in file ..\..\Drivers\CMSIS\Device\ST\STM32F4xx\Source\Templa
tes\arm\startup_stm32f429xx.s

TIM2_IRQHandler 00000022

Symbol: TIM2_IRQHandler
   Definitions
      At line 367 in file ..\..\Drivers\CMSIS\Device\ST\STM32F4xx\Source\Templa
tes\arm\startup_stm32f429xx.s
   Uses
      At line 107 in file ..\..\Drivers\CMSIS\Device\ST\STM32F4xx\Source\Templa
tes\arm\startup_stm32f429xx.s
      At line 276 in file ..\..\Drivers\CMSIS\Device\ST\STM32F4xx\Source\Templa
tes\arm\startup_stm32f429xx.s

TIM3_IRQHandler 00000022

Symbol: TIM3_IRQHandler
   Definitions
      At line 368 in file ..\..\Drivers\CMSIS\Device\ST\STM32F4xx\Source\Templa
tes\arm\startup_stm32f429xx.s
   Uses
      At line 108 in file ..\..\Drivers\CMSIS\Device\ST\STM32F4xx\Source\Templa
tes\arm\startup_stm32f429xx.s
      At line 277 in file ..\..\Drivers\CMSIS\Device\ST\STM32F4xx\Source\Templa
tes\arm\startup_stm32f429xx.s

TIM4_IRQHandler 00000022



ARM Macro Assembler    Page 18 Alphabetic symbol ordering
Relocatable symbols


Symbol: TIM4_IRQHandler
   Definitions
      At line 369 in file ..\..\Drivers\CMSIS\Device\ST\STM32F4xx\Source\Templa
tes\arm\startup_stm32f429xx.s
   Uses
      At line 109 in file ..\..\Drivers\CMSIS\Device\ST\STM32F4xx\Source\Templa
tes\arm\startup_stm32f429xx.s
      At line 278 in file ..\..\Drivers\CMSIS\Device\ST\STM32F4xx\Source\Templa
tes\arm\startup_stm32f429xx.s

TIM5_IRQHandler 00000022

Symbol: TIM5_IRQHandler
   Definitions
      At line 389 in file ..\..\Drivers\CMSIS\Device\ST\STM32F4xx\Source\Templa
tes\arm\startup_stm32f429xx.s
   Uses
      At line 129 in file ..\..\Drivers\CMSIS\Device\ST\STM32F4xx\Source\Templa
tes\arm\startup_stm32f429xx.s
      At line 298 in file ..\..\Drivers\CMSIS\Device\ST\STM32F4xx\Source\Templa
tes\arm\startup_stm32f429xx.s

TIM6_DAC_IRQHandler 00000022

Symbol: TIM6_DAC_IRQHandler
   Definitions
      At line 393 in file ..\..\Drivers\CMSIS\Device\ST\STM32F4xx\Source\Templa
tes\arm\startup_stm32f429xx.s
   Uses
      At line 133 in file ..\..\Drivers\CMSIS\Device\ST\STM32F4xx\Source\Templa
tes\arm\startup_stm32f429xx.s
      At line 302 in file ..\..\Drivers\CMSIS\Device\ST\STM32F4xx\Source\Templa
tes\arm\startup_stm32f429xx.s

TIM7_IRQHandler 00000022

Symbol: TIM7_IRQHandler
   Definitions
      At line 394 in file ..\..\Drivers\CMSIS\Device\ST\STM32F4xx\Source\Templa
tes\arm\startup_stm32f429xx.s
   Uses
      At line 134 in file ..\..\Drivers\CMSIS\Device\ST\STM32F4xx\Source\Templa
tes\arm\startup_stm32f429xx.s
      At line 303 in file ..\..\Drivers\CMSIS\Device\ST\STM32F4xx\Source\Templa
tes\arm\startup_stm32f429xx.s

TIM8_BRK_TIM12_IRQHandler 00000022

Symbol: TIM8_BRK_TIM12_IRQHandler
   Definitions
      At line 382 in file ..\..\Drivers\CMSIS\Device\ST\STM32F4xx\Source\Templa
tes\arm\startup_stm32f429xx.s
   Uses
      At line 122 in file ..\..\Drivers\CMSIS\Device\ST\STM32F4xx\Source\Templa
tes\arm\startup_stm32f429xx.s
      At line 291 in file ..\..\Drivers\CMSIS\Device\ST\STM32F4xx\Source\Templa
tes\arm\startup_stm32f429xx.s




ARM Macro Assembler    Page 19 Alphabetic symbol ordering
Relocatable symbols

TIM8_CC_IRQHandler 00000022

Symbol: TIM8_CC_IRQHandler
   Definitions
      At line 385 in file ..\..\Drivers\CMSIS\Device\ST\STM32F4xx\Source\Templa
tes\arm\startup_stm32f429xx.s
   Uses
      At line 125 in file ..\..\Drivers\CMSIS\Device\ST\STM32F4xx\Source\Templa
tes\arm\startup_stm32f429xx.s
      At line 294 in file ..\..\Drivers\CMSIS\Device\ST\STM32F4xx\Source\Templa
tes\arm\startup_stm32f429xx.s

TIM8_TRG_COM_TIM14_IRQHandler 00000022

Symbol: TIM8_TRG_COM_TIM14_IRQHandler
   Definitions
      At line 384 in file ..\..\Drivers\CMSIS\Device\ST\STM32F4xx\Source\Templa
tes\arm\startup_stm32f429xx.s
   Uses
      At line 124 in file ..\..\Drivers\CMSIS\Device\ST\STM32F4xx\Source\Templa
tes\arm\startup_stm32f429xx.s
      At line 293 in file ..\..\Drivers\CMSIS\Device\ST\STM32F4xx\Source\Templa
tes\arm\startup_stm32f429xx.s

TIM8_UP_TIM13_IRQHandler 00000022

Symbol: TIM8_UP_TIM13_IRQHandler
   Definitions
      At line 383 in file ..\..\Drivers\CMSIS\Device\ST\STM32F4xx\Source\Templa
tes\arm\startup_stm32f429xx.s
   Uses
      At line 123 in file ..\..\Drivers\CMSIS\Device\ST\STM32F4xx\Source\Templa
tes\arm\startup_stm32f429xx.s
      At line 292 in file ..\..\Drivers\CMSIS\Device\ST\STM32F4xx\Source\Templa
tes\arm\startup_stm32f429xx.s

UART4_IRQHandler 00000022

Symbol: UART4_IRQHandler
   Definitions
      At line 391 in file ..\..\Drivers\CMSIS\Device\ST\STM32F4xx\Source\Templa
tes\arm\startup_stm32f429xx.s
   Uses
      At line 131 in file ..\..\Drivers\CMSIS\Device\ST\STM32F4xx\Source\Templa
tes\arm\startup_stm32f429xx.s
      At line 300 in file ..\..\Drivers\CMSIS\Device\ST\STM32F4xx\Source\Templa
tes\arm\startup_stm32f429xx.s

UART5_IRQHandler 00000022

Symbol: UART5_IRQHandler
   Definitions
      At line 392 in file ..\..\Drivers\CMSIS\Device\ST\STM32F4xx\Source\Templa
tes\arm\startup_stm32f429xx.s
   Uses
      At line 132 in file ..\..\Drivers\CMSIS\Device\ST\STM32F4xx\Source\Templa
tes\arm\startup_stm32f429xx.s
      At line 301 in file ..\..\Drivers\CMSIS\Device\ST\STM32F4xx\Source\Templa
tes\arm\startup_stm32f429xx.s



ARM Macro Assembler    Page 20 Alphabetic symbol ordering
Relocatable symbols


UART7_IRQHandler 00000022

Symbol: UART7_IRQHandler
   Definitions
      At line 420 in file ..\..\Drivers\CMSIS\Device\ST\STM32F4xx\Source\Templa
tes\arm\startup_stm32f429xx.s
   Uses
      At line 161 in file ..\..\Drivers\CMSIS\Device\ST\STM32F4xx\Source\Templa
tes\arm\startup_stm32f429xx.s
      At line 329 in file ..\..\Drivers\CMSIS\Device\ST\STM32F4xx\Source\Templa
tes\arm\startup_stm32f429xx.s

UART8_IRQHandler 00000022

Symbol: UART8_IRQHandler
   Definitions
      At line 421 in file ..\..\Drivers\CMSIS\Device\ST\STM32F4xx\Source\Templa
tes\arm\startup_stm32f429xx.s
   Uses
      At line 162 in file ..\..\Drivers\CMSIS\Device\ST\STM32F4xx\Source\Templa
tes\arm\startup_stm32f429xx.s
      At line 330 in file ..\..\Drivers\CMSIS\Device\ST\STM32F4xx\Source\Templa
tes\arm\startup_stm32f429xx.s

USART1_IRQHandler 00000022

Symbol: USART1_IRQHandler
   Definitions
      At line 376 in file ..\..\Drivers\CMSIS\Device\ST\STM32F4xx\Source\Templa
tes\arm\startup_stm32f429xx.s
   Uses
      At line 116 in file ..\..\Drivers\CMSIS\Device\ST\STM32F4xx\Source\Templa
tes\arm\startup_stm32f429xx.s
      At line 285 in file ..\..\Drivers\CMSIS\Device\ST\STM32F4xx\Source\Templa
tes\arm\startup_stm32f429xx.s

USART2_IRQHandler 00000022

Symbol: USART2_IRQHandler
   Definitions
      At line 377 in file ..\..\Drivers\CMSIS\Device\ST\STM32F4xx\Source\Templa
tes\arm\startup_stm32f429xx.s
   Uses
      At line 117 in file ..\..\Drivers\CMSIS\Device\ST\STM32F4xx\Source\Templa
tes\arm\startup_stm32f429xx.s
      At line 286 in file ..\..\Drivers\CMSIS\Device\ST\STM32F4xx\Source\Templa
tes\arm\startup_stm32f429xx.s

USART3_IRQHandler 00000022

Symbol: USART3_IRQHandler
   Definitions
      At line 378 in file ..\..\Drivers\CMSIS\Device\ST\STM32F4xx\Source\Templa
tes\arm\startup_stm32f429xx.s
   Uses
      At line 118 in file ..\..\Drivers\CMSIS\Device\ST\STM32F4xx\Source\Templa
tes\arm\startup_stm32f429xx.s
      At line 287 in file ..\..\Drivers\CMSIS\Device\ST\STM32F4xx\Source\Templa



ARM Macro Assembler    Page 21 Alphabetic symbol ordering
Relocatable symbols

tes\arm\startup_stm32f429xx.s

USART6_IRQHandler 00000022

Symbol: USART6_IRQHandler
   Definitions
      At line 410 in file ..\..\Drivers\CMSIS\Device\ST\STM32F4xx\Source\Templa
tes\arm\startup_stm32f429xx.s
   Uses
      At line 150 in file ..\..\Drivers\CMSIS\Device\ST\STM32F4xx\Source\Templa
tes\arm\startup_stm32f429xx.s
      At line 319 in file ..\..\Drivers\CMSIS\Device\ST\STM32F4xx\Source\Templa
tes\arm\startup_stm32f429xx.s

UsageFault_Handler 00000018

Symbol: UsageFault_Handler
   Definitions
      At line 224 in file ..\..\Drivers\CMSIS\Device\ST\STM32F4xx\Source\Templa
tes\arm\startup_stm32f429xx.s
   Uses
      At line 67 in file ..\..\Drivers\CMSIS\Device\ST\STM32F4xx\Source\Templat
es\arm\startup_stm32f429xx.s
      At line 225 in file ..\..\Drivers\CMSIS\Device\ST\STM32F4xx\Source\Templa
tes\arm\startup_stm32f429xx.s

WWDG_IRQHandler 00000022

Symbol: WWDG_IRQHandler
   Definitions
      At line 339 in file ..\..\Drivers\CMSIS\Device\ST\STM32F4xx\Source\Templa
tes\arm\startup_stm32f429xx.s
   Uses
      At line 79 in file ..\..\Drivers\CMSIS\Device\ST\STM32F4xx\Source\Templat
es\arm\startup_stm32f429xx.s
      At line 248 in file ..\..\Drivers\CMSIS\Device\ST\STM32F4xx\Source\Templa
tes\arm\startup_stm32f429xx.s

__user_initial_stackheap 00000024

Symbol: __user_initial_stackheap
   Definitions
      At line 449 in file ..\..\Drivers\CMSIS\Device\ST\STM32F4xx\Source\Templa
tes\arm\startup_stm32f429xx.s
   Uses
      At line 447 in file ..\..\Drivers\CMSIS\Device\ST\STM32F4xx\Source\Templa
tes\arm\startup_stm32f429xx.s
Comment: __user_initial_stackheap used once
103 symbols



ARM Macro Assembler    Page 1 Alphabetic symbol ordering
Absolute symbols

Heap_Size 00000000

Symbol: Heap_Size
   Definitions
      At line 44 in file ..\..\Drivers\CMSIS\Device\ST\STM32F4xx\Source\Templat
es\arm\startup_stm32f429xx.s
   Uses
      At line 48 in file ..\..\Drivers\CMSIS\Device\ST\STM32F4xx\Source\Templat
es\arm\startup_stm32f429xx.s
      At line 453 in file ..\..\Drivers\CMSIS\Device\ST\STM32F4xx\Source\Templa
tes\arm\startup_stm32f429xx.s

Stack_Size 00000800

Symbol: Stack_Size
   Definitions
      At line 32 in file ..\..\Drivers\CMSIS\Device\ST\STM32F4xx\Source\Templat
es\arm\startup_stm32f429xx.s
   Uses
      At line 35 in file ..\..\Drivers\CMSIS\Device\ST\STM32F4xx\Source\Templat
es\arm\startup_stm32f429xx.s
      At line 452 in file ..\..\Drivers\CMSIS\Device\ST\STM32F4xx\Source\Templa
tes\arm\startup_stm32f429xx.s

__Vectors_Size 000001AC

Symbol: __Vectors_Size
   Definitions
      At line 173 in file ..\..\Drivers\CMSIS\Device\ST\STM32F4xx\Source\Templa
tes\arm\startup_stm32f429xx.s
   Uses
      At line 59 in file ..\..\Drivers\CMSIS\Device\ST\STM32F4xx\Source\Templat
es\arm\startup_stm32f429xx.s
Comment: __Vectors_Size used once
3 symbols



ARM Macro Assembler    Page 1 Alphabetic symbol ordering
External symbols

__main 00000000

Symbol: __main
   Definitions
      At line 183 in file ..\..\Drivers\CMSIS\Device\ST\STM32F4xx\Source\Templa
tes\arm\startup_stm32f429xx.s
   Uses
      At line 198 in file ..\..\Drivers\CMSIS\Device\ST\STM32F4xx\Source\Templa
tes\arm\startup_stm32f429xx.s
Comment: __main used once
__use_two_region_memory 00000000

Symbol: __use_two_region_memory
   Definitions
      At line 446 in file ..\..\Drivers\CMSIS\Device\ST\STM32F4xx\Source\Templa
tes\arm\startup_stm32f429xx.s
   Uses
      None
Comment: __use_two_region_memory unused
2 symbols
455 symbols in table
